2025-05-16 17:15:47,108 - node_3_1 - INFO - Starting node 3 in cluster 1, is_leader=False
2025-05-16 17:15:47,109 - node_3_1 - INFO - Starting leader election
2025-05-16 17:15:51,127 - node_3_1 - INFO - Leader election completed. Node 3 is_leader=False
2025-05-16 17:16:07,807 - node_3_1 - INFO - Starting node 3 in cluster 1, is_leader=False
2025-05-16 17:16:07,808 - node_3_1 - INFO - Starting leader election
2025-05-16 17:16:28,997 - node_3_1 - INFO - Leader election completed. Node 3 is_leader=False
2025-05-16 17:16:29,005 - node_3_1 - INFO - Node 3 in cluster 1 initialized, is_leader=False
2025-05-16 17:16:29,005 - node_3_1 - INFO - Node 3 in cluster 1 initialized, is_leader=False
2025-05-16 17:16:29,010 - node_3_1 - INFO - Performing work-stealing
2025-05-16 17:16:29,010 - node_3_1 - INFO - Started work-stealing thread
2025-05-16 17:16:29,010 - node_3_1 - INFO - Performing work-stealing
2025-05-16 17:16:29,010 - node_3_1 - INFO - Started work-stealing thread
2025-05-16 17:17:11,593 - node_3_1 - INFO - Starting node 3 in cluster 1, is_leader=False
2025-05-16 17:17:11,594 - node_3_1 - INFO - Starting leader election
2025-05-16 17:17:20,664 - node_3_1 - INFO - Leader election completed. Node 3 is_leader=False
2025-05-16 17:17:20,674 - node_3_1 - INFO - Node 3 in cluster 1 initialized, is_leader=False
2025-05-16 17:17:20,674 - node_3_1 - INFO - Node 3 in cluster 1 initialized, is_leader=False
2025-05-16 17:17:20,679 - node_3_1 - INFO - Performing work-stealing
2025-05-16 17:17:20,679 - node_3_1 - INFO - Started work-stealing thread
2025-05-16 17:17:20,679 - node_3_1 - INFO - Performing work-stealing
2025-05-16 17:17:20,679 - node_3_1 - INFO - Started work-stealing thread
2025-05-16 17:17:30,700 - node_3_1 - INFO - Performing work-stealing
2025-05-16 17:17:30,700 - node_3_1 - INFO - Performing work-stealing
2025-05-16 17:17:40,721 - node_3_1 - INFO - Performing work-stealing
2025-05-16 17:17:40,721 - node_3_1 - INFO - Performing work-stealing
2025-05-16 17:17:50,711 - node_3_1 - INFO - Performing work-stealing
2025-05-16 17:17:50,711 - node_3_1 - INFO - Performing work-stealing
2025-05-16 17:18:00,732 - node_3_1 - INFO - Performing work-stealing
2025-05-16 17:18:00,732 - node_3_1 - INFO - Performing work-stealing
2025-05-16 17:18:10,753 - node_3_1 - INFO - Performing work-stealing
2025-05-16 17:18:10,753 - node_3_1 - INFO - Performing work-stealing
2025-05-16 17:18:20,754 - node_3_1 - INFO - Performing work-stealing
2025-05-16 17:18:20,754 - node_3_1 - INFO - Performing work-stealing
2025-05-16 17:18:30,776 - node_3_1 - INFO - Performing work-stealing
2025-05-16 17:18:30,776 - node_3_1 - INFO - Performing work-stealing
2025-05-16 17:18:40,796 - node_3_1 - INFO - Performing work-stealing
2025-05-16 17:18:40,796 - node_3_1 - INFO - Performing work-stealing
2025-05-16 17:18:50,796 - node_3_1 - INFO - Performing work-stealing
2025-05-16 17:18:50,796 - node_3_1 - INFO - Performing work-stealing
2025-05-16 17:19:00,803 - node_3_1 - INFO - Performing work-stealing
2025-05-16 17:19:00,803 - node_3_1 - INFO - Performing work-stealing
2025-05-16 17:19:10,824 - node_3_1 - INFO - Performing work-stealing
2025-05-16 17:19:10,824 - node_3_1 - INFO - Performing work-stealing
2025-05-16 17:19:20,820 - node_3_1 - INFO - Performing work-stealing
2025-05-16 17:19:20,820 - node_3_1 - INFO - Performing work-stealing
2025-05-16 17:19:30,821 - node_3_1 - INFO - Performing work-stealing
2025-05-16 17:19:30,821 - node_3_1 - INFO - Performing work-stealing
2025-05-16 17:19:40,842 - node_3_1 - INFO - Performing work-stealing
2025-05-16 17:19:40,842 - node_3_1 - INFO - Performing work-stealing
2025-05-16 17:19:50,829 - node_3_1 - INFO - Performing work-stealing
2025-05-16 17:19:50,829 - node_3_1 - INFO - Performing work-stealing
2025-05-16 17:20:00,839 - node_3_1 - INFO - Performing work-stealing
2025-05-16 17:20:00,839 - node_3_1 - INFO - Performing work-stealing
2025-05-16 17:20:10,860 - node_3_1 - INFO - Performing work-stealing
2025-05-16 17:20:10,860 - node_3_1 - INFO - Performing work-stealing
2025-05-16 17:20:20,859 - node_3_1 - INFO - Performing work-stealing
2025-05-16 17:20:20,859 - node_3_1 - INFO - Performing work-stealing
2025-05-16 17:20:30,880 - node_3_1 - INFO - Performing work-stealing
2025-05-16 17:20:30,880 - node_3_1 - INFO - Performing work-stealing
2025-05-16 17:20:40,901 - node_3_1 - INFO - Performing work-stealing
2025-05-16 17:20:40,901 - node_3_1 - INFO - Performing work-stealing
2025-05-16 17:20:50,901 - node_3_1 - INFO - Performing work-stealing
2025-05-16 17:20:50,901 - node_3_1 - INFO - Performing work-stealing
2025-05-16 17:21:00,908 - node_3_1 - INFO - Performing work-stealing
2025-05-16 17:21:00,908 - node_3_1 - INFO - Performing work-stealing
2025-05-16 17:21:10,917 - node_3_1 - INFO - Performing work-stealing
2025-05-16 17:21:10,917 - node_3_1 - INFO - Performing work-stealing
2025-05-16 17:21:20,917 - node_3_1 - INFO - Performing work-stealing
2025-05-16 17:21:20,917 - node_3_1 - INFO - Performing work-stealing
2025-05-16 17:21:30,938 - node_3_1 - INFO - Performing work-stealing
2025-05-16 17:21:30,938 - node_3_1 - INFO - Performing work-stealing
2025-05-16 17:21:40,959 - node_3_1 - INFO - Performing work-stealing
2025-05-16 17:21:40,959 - node_3_1 - INFO - Performing work-stealing
2025-05-16 17:21:50,958 - node_3_1 - INFO - Performing work-stealing
2025-05-16 17:21:50,958 - node_3_1 - INFO - Performing work-stealing
2025-05-16 17:22:00,979 - node_3_1 - INFO - Performing work-stealing
2025-05-16 17:22:00,979 - node_3_1 - INFO - Performing work-stealing
2025-05-16 17:22:10,985 - node_3_1 - INFO - Performing work-stealing
2025-05-16 17:22:10,985 - node_3_1 - INFO - Performing work-stealing
2025-05-16 17:22:41,930 - node_3_1 - INFO - Starting node 3 in cluster 1, is_leader=False
2025-05-16 17:22:41,931 - node_3_1 - INFO - Starting leader election
2025-05-16 17:22:47,963 - node_3_1 - INFO - Leader election completed. Node 3 is_leader=False
2025-05-16 17:22:47,973 - node_3_1 - INFO - Node 3 in cluster 1 initialized, is_leader=False
2025-05-16 17:22:47,973 - node_3_1 - INFO - Node 3 in cluster 1 initialized, is_leader=False
2025-05-16 17:22:47,980 - node_3_1 - INFO - Performing work-stealing
2025-05-16 17:22:47,980 - node_3_1 - INFO - Started work-stealing thread
2025-05-16 17:22:47,980 - node_3_1 - INFO - Performing work-stealing
2025-05-16 17:22:47,980 - node_3_1 - INFO - Started work-stealing thread
2025-05-16 17:22:57,992 - node_3_1 - INFO - Performing work-stealing
2025-05-16 17:22:57,992 - node_3_1 - INFO - Performing work-stealing
2025-05-16 17:23:08,014 - node_3_1 - INFO - Performing work-stealing
2025-05-16 17:23:08,014 - node_3_1 - INFO - Performing work-stealing
2025-05-16 17:23:18,014 - node_3_1 - INFO - Performing work-stealing
2025-05-16 17:23:18,014 - node_3_1 - INFO - Performing work-stealing
2025-05-16 17:23:28,036 - node_3_1 - INFO - Performing work-stealing
2025-05-16 17:23:28,036 - node_3_1 - INFO - Performing work-stealing
2025-05-16 17:23:38,057 - node_3_1 - INFO - Performing work-stealing
2025-05-16 17:23:38,057 - node_3_1 - INFO - Performing work-stealing
2025-05-16 17:23:48,041 - node_3_1 - INFO - Performing work-stealing
2025-05-16 17:23:48,041 - node_3_1 - INFO - Performing work-stealing
2025-05-16 17:23:58,062 - node_3_1 - INFO - Performing work-stealing
2025-05-16 17:23:58,062 - node_3_1 - INFO - Performing work-stealing
2025-05-16 17:24:08,083 - node_3_1 - INFO - Performing work-stealing
2025-05-16 17:24:08,083 - node_3_1 - INFO - Performing work-stealing
2025-05-16 17:24:18,083 - node_3_1 - INFO - Performing work-stealing
2025-05-16 17:24:18,083 - node_3_1 - INFO - Performing work-stealing
2025-05-16 17:24:28,090 - node_3_1 - INFO - Performing work-stealing
2025-05-16 17:24:28,090 - node_3_1 - INFO - Performing work-stealing
2025-05-16 17:24:38,111 - node_3_1 - INFO - Performing work-stealing
2025-05-16 17:24:38,111 - node_3_1 - INFO - Performing work-stealing
2025-05-16 17:24:48,107 - node_3_1 - INFO - Performing work-stealing
2025-05-16 17:24:48,107 - node_3_1 - INFO - Performing work-stealing
2025-05-16 17:24:58,128 - node_3_1 - INFO - Performing work-stealing
2025-05-16 17:24:58,128 - node_3_1 - INFO - Performing work-stealing
2025-05-16 17:25:08,149 - node_3_1 - INFO - Performing work-stealing
2025-05-16 17:25:08,149 - node_3_1 - INFO - Performing work-stealing
2025-05-16 17:25:18,149 - node_3_1 - INFO - Performing work-stealing
2025-05-16 17:25:18,149 - node_3_1 - INFO - Performing work-stealing
2025-05-16 17:25:28,170 - node_3_1 - INFO - Performing work-stealing
2025-05-16 17:25:28,170 - node_3_1 - INFO - Performing work-stealing
2025-05-16 17:25:38,191 - node_3_1 - INFO - Performing work-stealing
2025-05-16 17:25:38,191 - node_3_1 - INFO - Performing work-stealing
2025-05-16 17:25:48,177 - node_3_1 - INFO - Performing work-stealing
2025-05-16 17:25:48,177 - node_3_1 - INFO - Performing work-stealing
2025-05-16 17:25:58,183 - node_3_1 - INFO - Performing work-stealing
2025-05-16 17:25:58,183 - node_3_1 - INFO - Performing work-stealing
2025-05-16 17:26:08,204 - node_3_1 - INFO - Performing work-stealing
2025-05-16 17:26:08,204 - node_3_1 - INFO - Performing work-stealing
2025-05-16 17:26:18,204 - node_3_1 - INFO - Performing work-stealing
2025-05-16 17:26:18,204 - node_3_1 - INFO - Performing work-stealing
2025-05-16 17:26:28,225 - node_3_1 - INFO - Performing work-stealing
2025-05-16 17:26:28,225 - node_3_1 - INFO - Performing work-stealing
2025-05-16 17:26:38,246 - node_3_1 - INFO - Performing work-stealing
2025-05-16 17:26:38,246 - node_3_1 - INFO - Performing work-stealing
2025-05-16 17:26:48,246 - node_3_1 - INFO - Performing work-stealing
2025-05-16 17:26:48,246 - node_3_1 - INFO - Performing work-stealing
2025-05-16 17:26:58,264 - node_3_1 - INFO - Performing work-stealing
2025-05-16 17:26:58,264 - node_3_1 - INFO - Performing work-stealing
2025-05-16 17:27:08,266 - node_3_1 - INFO - Performing work-stealing
2025-05-16 17:27:08,266 - node_3_1 - INFO - Performing work-stealing
2025-05-16 17:27:18,267 - node_3_1 - INFO - Performing work-stealing
2025-05-16 17:27:18,267 - node_3_1 - INFO - Performing work-stealing
2025-05-16 17:27:28,273 - node_3_1 - INFO - Performing work-stealing
2025-05-16 17:27:28,273 - node_3_1 - INFO - Performing work-stealing
2025-05-16 17:27:38,295 - node_3_1 - INFO - Performing work-stealing
2025-05-16 17:27:38,295 - node_3_1 - INFO - Performing work-stealing
2025-05-16 17:27:48,295 - node_3_1 - INFO - Performing work-stealing
2025-05-16 17:27:48,295 - node_3_1 - INFO - Performing work-stealing
2025-05-16 17:28:35,251 - node_3_1 - INFO - Starting node 3 in cluster 1, is_leader=False
2025-05-16 17:28:35,253 - node_3_1 - INFO - Starting leader election
2025-05-16 17:28:41,313 - node_3_1 - INFO - Leader election completed. Node 3 is_leader=False
2025-05-16 17:28:41,321 - node_3_1 - INFO - Node 3 in cluster 1 initialized, is_leader=False
2025-05-16 17:28:41,321 - node_3_1 - INFO - Node 3 in cluster 1 initialized, is_leader=False
2025-05-16 17:28:41,326 - node_3_1 - INFO - Kafka consumer connected successfully for topic delete
2025-05-16 17:28:41,326 - node_3_1 - INFO - Kafka consumer connected successfully for topic delete
2025-05-16 17:28:41,327 - node_3_1 - INFO - Performing work-stealing
2025-05-16 17:28:41,327 - node_3_1 - INFO - Started work-stealing thread
2025-05-16 17:28:41,327 - node_3_1 - INFO - Performing work-stealing
2025-05-16 17:28:41,327 - node_3_1 - INFO - Started work-stealing thread
2025-05-16 17:28:51,320 - node_3_1 - INFO - Performing work-stealing
2025-05-16 17:28:51,320 - node_3_1 - INFO - Performing work-stealing
2025-05-16 17:29:01,330 - node_3_1 - INFO - Performing work-stealing
2025-05-16 17:29:01,330 - node_3_1 - INFO - Performing work-stealing
2025-05-16 17:29:11,351 - node_3_1 - INFO - Performing work-stealing
2025-05-16 17:29:11,351 - node_3_1 - INFO - Performing work-stealing
2025-05-16 17:29:21,339 - node_3_1 - INFO - Performing work-stealing
2025-05-16 17:29:21,339 - node_3_1 - INFO - Performing work-stealing
2025-05-16 17:29:31,359 - node_3_1 - INFO - Performing work-stealing
2025-05-16 17:29:31,359 - node_3_1 - INFO - Performing work-stealing
2025-05-16 17:29:41,379 - node_3_1 - INFO - Performing work-stealing
2025-05-16 17:29:41,379 - node_3_1 - INFO - Performing work-stealing
2025-05-16 17:29:51,368 - node_3_1 - INFO - Performing work-stealing
2025-05-16 17:29:51,368 - node_3_1 - INFO - Performing work-stealing
2025-05-16 17:30:01,388 - node_3_1 - INFO - Performing work-stealing
2025-05-16 17:30:01,388 - node_3_1 - INFO - Performing work-stealing
2025-05-16 17:30:11,408 - node_3_1 - INFO - Performing work-stealing
2025-05-16 17:30:11,408 - node_3_1 - INFO - Performing work-stealing
2025-05-16 17:30:21,408 - node_3_1 - INFO - Performing work-stealing
2025-05-16 17:30:21,408 - node_3_1 - INFO - Performing work-stealing
2025-05-16 17:30:31,428 - node_3_1 - INFO - Performing work-stealing
2025-05-16 17:30:31,428 - node_3_1 - INFO - Performing work-stealing
2025-05-16 17:30:41,450 - node_3_1 - INFO - Performing work-stealing
2025-05-16 17:30:41,450 - node_3_1 - INFO - Performing work-stealing
2025-05-16 17:30:51,436 - node_3_1 - INFO - Performing work-stealing
2025-05-16 17:30:51,436 - node_3_1 - INFO - Performing work-stealing
2025-05-16 17:31:01,458 - node_3_1 - INFO - Performing work-stealing
2025-05-16 17:31:01,458 - node_3_1 - INFO - Performing work-stealing
2025-05-16 17:31:11,479 - node_3_1 - INFO - Performing work-stealing
2025-05-16 17:31:11,479 - node_3_1 - INFO - Performing work-stealing
2025-05-16 17:31:21,472 - node_3_1 - INFO - Performing work-stealing
2025-05-16 17:31:21,472 - node_3_1 - INFO - Performing work-stealing
2025-05-16 17:31:31,474 - node_3_1 - INFO - Performing work-stealing
2025-05-16 17:31:31,474 - node_3_1 - INFO - Performing work-stealing
2025-05-16 17:31:41,496 - node_3_1 - INFO - Performing work-stealing
2025-05-16 17:31:41,496 - node_3_1 - INFO - Performing work-stealing
2025-05-16 17:31:51,496 - node_3_1 - INFO - Performing work-stealing
2025-05-16 17:31:51,496 - node_3_1 - INFO - Performing work-stealing
2025-05-16 17:32:01,518 - node_3_1 - INFO - Performing work-stealing
2025-05-16 17:32:01,518 - node_3_1 - INFO - Performing work-stealing
2025-05-16 17:32:11,533 - node_3_1 - INFO - Performing work-stealing
2025-05-16 17:32:11,533 - node_3_1 - INFO - Performing work-stealing
2025-05-16 17:32:21,522 - node_3_1 - INFO - Performing work-stealing
2025-05-16 17:32:21,522 - node_3_1 - INFO - Performing work-stealing
2025-05-16 17:32:31,534 - node_3_1 - INFO - Performing work-stealing
2025-05-16 17:32:31,534 - node_3_1 - INFO - Performing work-stealing
2025-05-16 17:32:41,556 - node_3_1 - INFO - Performing work-stealing
2025-05-16 17:32:41,556 - node_3_1 - INFO - Performing work-stealing
2025-05-16 17:33:17,803 - node_3_1 - INFO - Starting node 3 in cluster 1, is_leader=False
2025-05-16 17:33:17,804 - node_3_1 - INFO - Starting leader election
2025-05-16 17:33:20,829 - node_3_1 - INFO - Elected leader is node 0
2025-05-16 17:33:20,829 - node_3_1 - INFO - Leader election completed. Node 3 is_leader=False
2025-05-16 17:33:34,932 - node_3_1 - INFO - Starting node 3 in cluster 1, is_leader=False
2025-05-16 17:33:34,932 - node_3_1 - INFO - Starting leader election
2025-05-16 17:33:35,939 - node_3_1 - INFO - Elected leader is node 0
2025-05-16 17:33:35,939 - node_3_1 - INFO - Leader election completed. Node 3 is_leader=False
2025-05-16 17:33:35,945 - node_3_1 - INFO - Node 3 in cluster 1 initialized, is_leader=False
2025-05-16 17:33:35,945 - node_3_1 - INFO - Node 3 in cluster 1 initialized, is_leader=False
2025-05-16 17:33:35,950 - node_3_1 - INFO - Kafka consumer connected successfully for topic delete
2025-05-16 17:33:35,950 - node_3_1 - INFO - Kafka consumer connected successfully for topic delete
2025-05-16 17:33:35,950 - node_3_1 - INFO - Performing work-stealing
2025-05-16 17:33:35,950 - node_3_1 - INFO - Started work-stealing thread
2025-05-16 17:33:35,950 - node_3_1 - INFO - Performing work-stealing
2025-05-16 17:33:35,950 - node_3_1 - INFO - Started work-stealing thread
2025-05-16 17:33:45,972 - node_3_1 - INFO - Performing work-stealing
2025-05-16 17:33:45,972 - node_3_1 - INFO - Performing work-stealing
2025-05-16 17:33:55,957 - node_3_1 - INFO - Performing work-stealing
2025-05-16 17:33:55,957 - node_3_1 - INFO - Performing work-stealing
2025-05-16 17:34:05,967 - node_3_1 - INFO - Performing work-stealing
2025-05-16 17:34:05,967 - node_3_1 - INFO - Performing work-stealing
2025-05-16 17:34:15,969 - node_3_1 - INFO - Performing work-stealing
2025-05-16 17:34:15,969 - node_3_1 - INFO - Performing work-stealing
2025-05-16 17:34:25,969 - node_3_1 - INFO - Performing work-stealing
2025-05-16 17:34:25,969 - node_3_1 - INFO - Performing work-stealing
2025-05-16 17:34:35,991 - node_3_1 - INFO - Performing work-stealing
2025-05-16 17:34:35,991 - node_3_1 - INFO - Performing work-stealing
2025-05-16 17:34:46,013 - node_3_1 - INFO - Performing work-stealing
2025-05-16 17:34:46,013 - node_3_1 - INFO - Performing work-stealing
2025-05-16 17:34:56,014 - node_3_1 - INFO - Performing work-stealing
2025-05-16 17:34:56,014 - node_3_1 - INFO - Performing work-stealing
2025-05-16 17:35:06,025 - node_3_1 - INFO - Performing work-stealing
2025-05-16 17:35:06,025 - node_3_1 - INFO - Performing work-stealing
2025-05-16 17:35:16,045 - node_3_1 - INFO - Performing work-stealing
2025-05-16 17:35:16,045 - node_3_1 - INFO - Performing work-stealing
2025-05-16 17:35:26,043 - node_3_1 - INFO - Performing work-stealing
2025-05-16 17:35:26,043 - node_3_1 - INFO - Performing work-stealing
2025-05-16 17:35:36,065 - node_3_1 - INFO - Performing work-stealing
2025-05-16 17:35:36,065 - node_3_1 - INFO - Performing work-stealing
2025-05-16 17:35:46,087 - node_3_1 - INFO - Performing work-stealing
2025-05-16 17:35:46,087 - node_3_1 - INFO - Performing work-stealing
2025-05-16 17:36:21,373 - node_3_1 - INFO - Starting node 3 in cluster 1, is_leader=False
2025-05-16 17:36:21,374 - node_3_1 - INFO - Starting leader election
2025-05-16 17:36:21,375 - node_3_1 - INFO - Elected leader is node 1
2025-05-16 17:36:21,376 - node_3_1 - INFO - Leader election completed. Node 3 is_leader=False
2025-05-16 17:36:40,210 - node_3_1 - INFO - Starting node 3 in cluster 1, is_leader=False
2025-05-16 17:36:40,210 - node_3_1 - INFO - Starting leader election
2025-05-16 17:36:40,211 - node_3_1 - INFO - Elected leader is node 1
2025-05-16 17:36:40,211 - node_3_1 - INFO - Leader election completed. Node 3 is_leader=False
2025-05-16 17:36:40,217 - node_3_1 - INFO - Node 3 in cluster 1 initialized, is_leader=False
2025-05-16 17:36:40,217 - node_3_1 - INFO - Node 3 in cluster 1 initialized, is_leader=False
2025-05-16 17:36:40,221 - node_3_1 - INFO - Kafka consumer connected successfully for topic delete
2025-05-16 17:36:40,221 - node_3_1 - INFO - Kafka consumer connected successfully for topic delete
2025-05-16 17:36:40,222 - node_3_1 - INFO - Performing work-stealing
2025-05-16 17:36:40,223 - node_3_1 - INFO - Started work-stealing thread
2025-05-16 17:36:40,222 - node_3_1 - INFO - Performing work-stealing
2025-05-16 17:36:40,223 - node_3_1 - INFO - Started work-stealing thread
2025-05-16 17:36:50,209 - node_3_1 - INFO - Performing work-stealing
2025-05-16 17:36:50,209 - node_3_1 - INFO - Performing work-stealing
2025-05-16 17:37:00,217 - node_3_1 - INFO - Performing work-stealing
2025-05-16 17:37:00,217 - node_3_1 - INFO - Performing work-stealing
2025-05-16 17:37:10,228 - node_3_1 - INFO - Performing work-stealing
2025-05-16 17:37:10,228 - node_3_1 - INFO - Performing work-stealing
2025-05-16 17:37:20,228 - node_3_1 - INFO - Performing work-stealing
2025-05-16 17:37:20,228 - node_3_1 - INFO - Performing work-stealing
2025-05-16 17:37:30,231 - node_3_1 - INFO - Performing work-stealing
2025-05-16 17:37:30,231 - node_3_1 - INFO - Performing work-stealing
2025-05-16 17:37:40,253 - node_3_1 - INFO - Performing work-stealing
2025-05-16 17:37:40,253 - node_3_1 - INFO - Performing work-stealing
2025-05-16 17:37:50,237 - node_3_1 - INFO - Performing work-stealing
2025-05-16 17:37:50,237 - node_3_1 - INFO - Performing work-stealing
2025-05-16 17:38:00,249 - node_3_1 - INFO - Performing work-stealing
2025-05-16 17:38:00,249 - node_3_1 - INFO - Performing work-stealing
2025-05-16 17:38:10,256 - node_3_1 - INFO - Performing work-stealing
2025-05-16 17:38:10,256 - node_3_1 - INFO - Performing work-stealing
2025-05-16 17:38:20,254 - node_3_1 - INFO - Performing work-stealing
2025-05-16 17:38:20,254 - node_3_1 - INFO - Performing work-stealing
2025-05-16 17:38:30,276 - node_3_1 - INFO - Performing work-stealing
2025-05-16 17:38:30,276 - node_3_1 - INFO - Performing work-stealing
2025-05-16 17:38:40,294 - node_3_1 - INFO - Performing work-stealing
2025-05-16 17:38:40,294 - node_3_1 - INFO - Performing work-stealing
2025-05-16 17:38:50,275 - node_3_1 - INFO - Performing work-stealing
2025-05-16 17:38:50,275 - node_3_1 - INFO - Performing work-stealing
2025-05-16 17:39:00,283 - node_3_1 - INFO - Performing work-stealing
2025-05-16 17:39:00,283 - node_3_1 - INFO - Performing work-stealing
2025-05-16 17:39:10,305 - node_3_1 - INFO - Performing work-stealing
2025-05-16 17:39:10,305 - node_3_1 - INFO - Performing work-stealing
2025-05-16 17:39:20,301 - node_3_1 - INFO - Performing work-stealing
2025-05-16 17:39:20,301 - node_3_1 - INFO - Performing work-stealing
2025-05-16 17:39:30,324 - node_3_1 - INFO - Performing work-stealing
2025-05-16 17:39:30,324 - node_3_1 - INFO - Performing work-stealing
2025-05-16 17:39:40,346 - node_3_1 - INFO - Performing work-stealing
2025-05-16 17:39:40,346 - node_3_1 - INFO - Performing work-stealing
2025-05-16 17:39:50,330 - node_3_1 - INFO - Performing work-stealing
2025-05-16 17:39:50,330 - node_3_1 - INFO - Performing work-stealing
2025-05-16 17:40:00,341 - node_3_1 - INFO - Performing work-stealing
2025-05-16 17:40:00,341 - node_3_1 - INFO - Performing work-stealing
2025-05-16 17:40:10,364 - node_3_1 - INFO - Performing work-stealing
2025-05-16 17:40:10,364 - node_3_1 - INFO - Performing work-stealing
2025-05-16 17:40:20,359 - node_3_1 - INFO - Performing work-stealing
2025-05-16 17:40:20,359 - node_3_1 - INFO - Performing work-stealing
2025-05-16 17:40:30,381 - node_3_1 - INFO - Performing work-stealing
2025-05-16 17:40:30,381 - node_3_1 - INFO - Performing work-stealing
2025-05-16 17:40:40,387 - node_3_1 - INFO - Performing work-stealing
2025-05-16 17:40:40,387 - node_3_1 - INFO - Performing work-stealing
2025-05-16 17:40:50,376 - node_3_1 - INFO - Performing work-stealing
2025-05-16 17:40:50,376 - node_3_1 - INFO - Performing work-stealing
2025-05-16 17:41:00,389 - node_3_1 - INFO - Performing work-stealing
2025-05-16 17:41:00,389 - node_3_1 - INFO - Performing work-stealing
2025-05-16 17:41:10,406 - node_3_1 - INFO - Performing work-stealing
2025-05-16 17:41:10,406 - node_3_1 - INFO - Performing work-stealing
2025-05-16 17:41:20,407 - node_3_1 - INFO - Performing work-stealing
2025-05-16 17:41:20,407 - node_3_1 - INFO - Performing work-stealing
2025-05-16 17:41:30,429 - node_3_1 - INFO - Performing work-stealing
2025-05-16 17:41:30,429 - node_3_1 - INFO - Performing work-stealing
2025-05-16 17:41:40,452 - node_3_1 - INFO - Performing work-stealing
2025-05-16 17:41:40,452 - node_3_1 - INFO - Performing work-stealing
2025-05-16 17:41:50,452 - node_3_1 - INFO - Performing work-stealing
2025-05-16 17:41:50,452 - node_3_1 - INFO - Performing work-stealing
2025-05-16 17:42:00,473 - node_3_1 - INFO - Performing work-stealing
2025-05-16 17:42:00,473 - node_3_1 - INFO - Performing work-stealing
2025-05-16 17:42:10,493 - node_3_1 - INFO - Performing work-stealing
2025-05-16 17:42:10,493 - node_3_1 - INFO - Performing work-stealing
2025-05-16 17:42:20,472 - node_3_1 - INFO - Performing work-stealing
2025-05-16 17:42:20,472 - node_3_1 - INFO - Performing work-stealing
2025-05-16 17:42:30,481 - node_3_1 - INFO - Performing work-stealing
2025-05-16 17:42:30,481 - node_3_1 - INFO - Performing work-stealing
2025-05-16 17:42:40,498 - node_3_1 - INFO - Performing work-stealing
2025-05-16 17:42:40,498 - node_3_1 - INFO - Performing work-stealing
2025-05-16 17:42:50,501 - node_3_1 - INFO - Performing work-stealing
2025-05-16 17:42:50,501 - node_3_1 - INFO - Performing work-stealing
2025-05-16 17:43:00,520 - node_3_1 - INFO - Performing work-stealing
2025-05-16 17:43:00,520 - node_3_1 - INFO - Performing work-stealing
2025-05-16 17:43:34,260 - node_3_1 - INFO - Starting node 3 in cluster 1, is_leader=False
2025-05-16 17:43:34,261 - node_3_1 - INFO - Starting leader election
2025-05-16 17:43:35,269 - node_3_1 - INFO - Elected leader is node 1
2025-05-16 17:43:35,270 - node_3_1 - INFO - Leader election completed. Node 3 is_leader=False
2025-05-16 17:44:13,587 - node_3_1 - INFO - Starting node 3 in cluster 1, is_leader=False
2025-05-16 17:44:13,588 - node_3_1 - INFO - Starting leader election
2025-05-16 17:44:13,589 - node_3_1 - INFO - Elected leader is node 1
2025-05-16 17:44:13,589 - node_3_1 - INFO - Leader election completed. Node 3 is_leader=False
2025-05-16 17:44:13,600 - node_3_1 - INFO - Node 3 in cluster 1 initialized, is_leader=False
2025-05-16 17:44:13,600 - node_3_1 - INFO - Node 3 in cluster 1 initialized, is_leader=False
2025-05-16 17:44:13,606 - node_3_1 - INFO - Kafka consumer connected successfully for topics ['replicate', 'delete']
2025-05-16 17:44:13,606 - node_3_1 - INFO - Kafka consumer connected successfully for topics ['replicate', 'delete']
2025-05-16 17:44:13,607 - node_3_1 - INFO - Performing work-stealing
2025-05-16 17:44:13,607 - node_3_1 - INFO - Started work-stealing thread
2025-05-16 17:44:13,607 - node_3_1 - INFO - Performing work-stealing
2025-05-16 17:44:13,607 - node_3_1 - INFO - Started work-stealing thread
2025-05-16 17:44:23,588 - node_3_1 - INFO - Performing work-stealing
2025-05-16 17:44:23,588 - node_3_1 - INFO - Performing work-stealing
2025-05-16 17:44:33,540 - node_3_1 - INFO - Received Kafka message on topic replicate: {'file_id': '1', 'path': 'files/1'}
2025-05-16 17:44:33,540 - node_3_1 - INFO - Received Kafka message on topic replicate: {'file_id': '1', 'path': 'files/1'}
2025-05-16 17:44:33,541 - node_3_1 - INFO - Fetching file 1 from Supernode at path files/1
2025-05-16 17:44:33,541 - node_3_1 - INFO - Fetching file 1 from Supernode at path files/1
2025-05-16 17:44:33,606 - node_3_1 - INFO - Performing work-stealing
2025-05-16 17:44:33,606 - node_3_1 - INFO - Performing work-stealing
2025-05-16 17:44:33,656 - node_3_1 - INFO - Replicated file 1 to local path node_files/1
2025-05-16 17:44:33,656 - node_3_1 - INFO - Replicated file 1 to local path node_files/1
2025-05-16 17:44:43,618 - node_3_1 - INFO - Performing work-stealing
2025-05-16 17:44:43,618 - node_3_1 - INFO - Performing work-stealing
2025-05-16 17:44:53,605 - node_3_1 - INFO - Performing work-stealing
2025-05-16 17:44:53,605 - node_3_1 - INFO - Performing work-stealing
2025-05-16 17:45:03,625 - node_3_1 - INFO - Performing work-stealing
2025-05-16 17:45:03,625 - node_3_1 - INFO - Performing work-stealing
2025-05-16 17:45:13,635 - node_3_1 - INFO - Performing work-stealing
2025-05-16 17:45:13,635 - node_3_1 - INFO - Performing work-stealing
2025-05-16 17:45:23,633 - node_3_1 - INFO - Performing work-stealing
2025-05-16 17:45:23,633 - node_3_1 - INFO - Performing work-stealing
2025-05-16 17:45:33,656 - node_3_1 - INFO - Performing work-stealing
2025-05-16 17:45:33,656 - node_3_1 - INFO - Performing work-stealing
2025-05-16 17:45:43,670 - node_3_1 - INFO - Performing work-stealing
2025-05-16 17:45:43,670 - node_3_1 - INFO - Performing work-stealing
2025-05-16 17:45:53,664 - node_3_1 - INFO - Performing work-stealing
2025-05-16 17:45:53,664 - node_3_1 - INFO - Performing work-stealing
2025-05-16 17:46:03,687 - node_3_1 - INFO - Performing work-stealing
2025-05-16 17:46:03,687 - node_3_1 - INFO - Performing work-stealing
2025-05-16 17:46:13,709 - node_3_1 - INFO - Performing work-stealing
2025-05-16 17:46:13,709 - node_3_1 - INFO - Performing work-stealing
2025-05-16 17:46:23,693 - node_3_1 - INFO - Performing work-stealing
2025-05-16 17:46:23,693 - node_3_1 - INFO - Performing work-stealing
2025-05-16 17:46:33,703 - node_3_1 - INFO - Performing work-stealing
2025-05-16 17:46:33,703 - node_3_1 - INFO - Performing work-stealing
2025-05-16 17:46:43,707 - node_3_1 - INFO - Performing work-stealing
2025-05-16 17:46:43,707 - node_3_1 - INFO - Performing work-stealing
2025-05-16 17:46:53,706 - node_3_1 - INFO - Performing work-stealing
2025-05-16 17:46:53,706 - node_3_1 - INFO - Performing work-stealing
2025-05-16 17:47:03,713 - node_3_1 - INFO - Performing work-stealing
2025-05-16 17:47:03,713 - node_3_1 - INFO - Performing work-stealing
2025-05-16 17:47:13,719 - node_3_1 - INFO - Performing work-stealing
2025-05-16 17:47:13,719 - node_3_1 - INFO - Performing work-stealing
2025-05-16 17:47:23,718 - node_3_1 - INFO - Performing work-stealing
2025-05-16 17:47:23,718 - node_3_1 - INFO - Performing work-stealing
2025-05-16 17:47:33,727 - node_3_1 - INFO - Performing work-stealing
2025-05-16 17:47:33,727 - node_3_1 - INFO - Performing work-stealing
2025-05-16 17:48:28,228 - node_3_1 - INFO - Starting node 3 in cluster 1, is_leader=False
2025-05-16 17:48:28,229 - node_3_1 - INFO - Starting leader election
2025-05-16 17:48:29,237 - node_3_1 - INFO - Elected leader is node 1
2025-05-16 17:48:29,237 - node_3_1 - INFO - Leader election completed. Node 3 is_leader=False
2025-05-16 17:48:39,516 - node_3_1 - INFO - Starting node 3 in cluster 1, is_leader=False
2025-05-16 17:48:39,518 - node_3_1 - INFO - Starting leader election
2025-05-16 17:48:39,519 - node_3_1 - INFO - Elected leader is node 1
2025-05-16 17:48:39,519 - node_3_1 - INFO - Leader election completed. Node 3 is_leader=False
2025-05-16 17:48:39,528 - node_3_1 - INFO - Node 3 in cluster 1 initialized, is_leader=False
2025-05-16 17:48:39,528 - node_3_1 - INFO - Node 3 in cluster 1 initialized, is_leader=False
2025-05-16 17:48:39,531 - node_3_1 - INFO - Started HTTP server on port 5003
2025-05-16 17:48:39,531 - node_3_1 - INFO - Started HTTP server on port 5003
2025-05-16 17:48:39,537 - node_3_1 - INFO - Kafka consumer connected successfully for topics ['replicate', 'delete']
2025-05-16 17:48:39,537 - node_3_1 - INFO - Kafka consumer connected successfully for topics ['replicate', 'delete']
2025-05-16 17:48:39,538 - node_3_1 - INFO - Performing work-stealing
2025-05-16 17:48:39,538 - node_3_1 - INFO - Started work-stealing thread
2025-05-16 17:48:39,538 - node_3_1 - INFO - Performing work-stealing
2025-05-16 17:48:39,538 - node_3_1 - INFO - Started work-stealing thread
2025-05-16 17:48:49,533 - node_3_1 - INFO - Performing work-stealing
2025-05-16 17:48:49,533 - node_3_1 - INFO - Performing work-stealing
2025-05-16 17:48:59,556 - node_3_1 - INFO - Performing work-stealing
2025-05-16 17:48:59,556 - node_3_1 - INFO - Performing work-stealing
2025-05-16 17:49:00,889 - node_3_1 - INFO - Received Kafka message on topic replicate: {'file_id': '1', 'path': 'files/1', 'leader_node_id': '1'}
2025-05-16 17:49:00,889 - node_3_1 - INFO - Received Kafka message on topic replicate: {'file_id': '1', 'path': 'files/1', 'leader_node_id': '1'}
2025-05-16 17:49:00,890 - node_3_1 - INFO - Fetching file 1 from leader (node 1) at http://cluster1-node1:5001/files/1
2025-05-16 17:49:00,890 - node_3_1 - INFO - Fetching file 1 from leader (node 1) at http://cluster1-node1:5001/files/1
2025-05-16 17:49:00,937 - node_3_1 - INFO - Replicated file 1 to local path node_files/1
2025-05-16 17:49:00,937 - node_3_1 - INFO - Replicated file 1 to local path node_files/1
2025-05-16 17:49:09,579 - node_3_1 - INFO - Performing work-stealing
2025-05-16 17:49:09,579 - node_3_1 - INFO - Performing work-stealing
2025-05-16 17:49:19,559 - node_3_1 - INFO - Performing work-stealing
2025-05-16 17:49:19,559 - node_3_1 - INFO - Performing work-stealing
2025-05-16 17:49:29,569 - node_3_1 - INFO - Performing work-stealing
2025-05-16 17:49:29,569 - node_3_1 - INFO - Performing work-stealing
2025-05-16 17:49:39,592 - node_3_1 - INFO - Performing work-stealing
2025-05-16 17:49:39,592 - node_3_1 - INFO - Performing work-stealing
2025-05-16 17:49:49,591 - node_3_1 - INFO - Performing work-stealing
2025-05-16 17:49:49,591 - node_3_1 - INFO - Performing work-stealing
2025-05-16 17:49:59,597 - node_3_1 - INFO - Performing work-stealing
2025-05-16 17:49:59,597 - node_3_1 - INFO - Performing work-stealing
2025-05-16 17:50:09,620 - node_3_1 - INFO - Performing work-stealing
2025-05-16 17:50:09,620 - node_3_1 - INFO - Performing work-stealing
2025-05-16 17:50:19,600 - node_3_1 - INFO - Performing work-stealing
2025-05-16 17:50:19,600 - node_3_1 - INFO - Performing work-stealing
2025-05-16 17:50:29,610 - node_3_1 - INFO - Performing work-stealing
2025-05-16 17:50:29,610 - node_3_1 - INFO - Performing work-stealing
2025-05-16 17:50:39,633 - node_3_1 - INFO - Performing work-stealing
2025-05-16 17:50:39,633 - node_3_1 - INFO - Performing work-stealing
2025-05-16 17:50:49,632 - node_3_1 - INFO - Performing work-stealing
2025-05-16 17:50:49,632 - node_3_1 - INFO - Performing work-stealing
2025-05-16 17:50:59,655 - node_3_1 - INFO - Performing work-stealing
2025-05-16 17:50:59,655 - node_3_1 - INFO - Performing work-stealing
2025-05-16 17:51:09,679 - node_3_1 - INFO - Performing work-stealing
2025-05-16 17:51:09,679 - node_3_1 - INFO - Performing work-stealing
2025-05-16 17:51:19,678 - node_3_1 - INFO - Performing work-stealing
2025-05-16 17:51:19,678 - node_3_1 - INFO - Performing work-stealing
2025-05-16 17:51:29,701 - node_3_1 - INFO - Performing work-stealing
2025-05-16 17:51:29,701 - node_3_1 - INFO - Performing work-stealing
2025-05-16 17:51:39,719 - node_3_1 - INFO - Performing work-stealing
2025-05-16 17:51:39,719 - node_3_1 - INFO - Performing work-stealing
2025-05-16 17:51:49,708 - node_3_1 - INFO - Performing work-stealing
2025-05-16 17:51:49,708 - node_3_1 - INFO - Performing work-stealing
2025-05-16 17:51:59,731 - node_3_1 - INFO - Performing work-stealing
2025-05-16 17:51:59,731 - node_3_1 - INFO - Performing work-stealing
2025-05-16 17:52:09,754 - node_3_1 - INFO - Performing work-stealing
2025-05-16 17:52:09,754 - node_3_1 - INFO - Performing work-stealing
2025-05-16 17:52:19,744 - node_3_1 - INFO - Performing work-stealing
2025-05-16 17:52:19,744 - node_3_1 - INFO - Performing work-stealing
2025-05-16 17:52:29,764 - node_3_1 - INFO - Performing work-stealing
2025-05-16 17:52:29,764 - node_3_1 - INFO - Performing work-stealing
2025-05-16 17:52:39,784 - node_3_1 - INFO - Performing work-stealing
2025-05-16 17:52:39,784 - node_3_1 - INFO - Performing work-stealing
2025-05-16 17:52:49,782 - node_3_1 - INFO - Performing work-stealing
2025-05-16 17:52:49,782 - node_3_1 - INFO - Performing work-stealing
2025-05-16 17:53:37,674 - node_3_1 - INFO - Starting node 3 in cluster 1, is_leader=False
2025-05-16 17:53:37,675 - node_3_1 - INFO - Starting leader election
2025-05-16 17:53:37,676 - node_3_1 - INFO - Elected leader is node 1
2025-05-16 17:53:37,676 - node_3_1 - INFO - Leader election completed. Node 3 is_leader=False
2025-05-16 17:54:10,645 - node_3_1 - INFO - Starting node 3 in cluster 1, is_leader=False
2025-05-16 17:54:10,646 - node_3_1 - INFO - Starting leader election
2025-05-16 17:54:13,684 - node_3_1 - INFO - Elected leader is node 1
2025-05-16 17:54:13,685 - node_3_1 - INFO - Leader election completed. Node 3 is_leader=False
2025-05-16 17:54:13,691 - node_3_1 - INFO - Node 3 in cluster 1 initialized, is_leader=False
2025-05-16 17:54:13,691 - node_3_1 - INFO - Node 3 in cluster 1 initialized, is_leader=False
2025-05-16 17:54:13,693 - node_3_1 - INFO - Started HTTP server on port 5003
2025-05-16 17:54:13,693 - node_3_1 - INFO - Started HTTP server on port 5003
2025-05-16 17:54:13,698 - node_3_1 - INFO - Kafka consumer connected successfully for topics ['replicate', 'delete']
2025-05-16 17:54:13,698 - node_3_1 - INFO - Kafka consumer connected successfully for topics ['replicate', 'delete']
2025-05-16 17:54:13,700 - node_3_1 - INFO - Performing work-stealing
2025-05-16 17:54:13,700 - node_3_1 - INFO - Performing work-stealing
2025-05-16 17:54:13,700 - node_3_1 - INFO - Started work-stealing thread
2025-05-16 17:54:13,700 - node_3_1 - INFO - Started work-stealing thread
2025-05-16 17:54:23,699 - node_3_1 - INFO - Performing work-stealing
2025-05-16 17:54:23,699 - node_3_1 - INFO - Performing work-stealing
2025-05-16 17:54:26,008 - node_3_1 - INFO - Received Kafka message on topic replicate: {'file_id': '1', 'path': 'files/1', 'leader_node_id': '1'}
2025-05-16 17:54:26,008 - node_3_1 - INFO - Received Kafka message on topic replicate: {'file_id': '1', 'path': 'files/1', 'leader_node_id': '1'}
2025-05-16 17:54:26,008 - node_3_1 - INFO - Fetching file 1 from leader (node 1) at http://cluster1-node1:5001/files/1
2025-05-16 17:54:26,008 - node_3_1 - INFO - Fetching file 1 from leader (node 1) at http://cluster1-node1:5001/files/1
2025-05-16 17:54:26,021 - node_3_1 - INFO - Replicated file 1 to local path node_files/1
2025-05-16 17:54:26,021 - node_3_1 - INFO - Replicated file 1 to local path node_files/1
2025-05-16 17:54:33,710 - node_3_1 - INFO - Performing work-stealing
2025-05-16 17:54:33,710 - node_3_1 - INFO - Performing work-stealing
2025-05-16 17:54:43,716 - node_3_1 - INFO - Performing work-stealing
2025-05-16 17:54:43,716 - node_3_1 - INFO - Performing work-stealing
2025-05-16 17:54:53,712 - node_3_1 - INFO - Performing work-stealing
2025-05-16 17:54:53,712 - node_3_1 - INFO - Performing work-stealing
2025-05-16 17:55:03,735 - node_3_1 - INFO - Performing work-stealing
2025-05-16 17:55:03,735 - node_3_1 - INFO - Performing work-stealing
2025-05-16 17:55:13,755 - node_3_1 - INFO - Performing work-stealing
2025-05-16 17:55:13,755 - node_3_1 - INFO - Performing work-stealing
2025-05-16 17:55:23,737 - node_3_1 - INFO - Performing work-stealing
2025-05-16 17:55:23,737 - node_3_1 - INFO - Performing work-stealing
2025-05-16 17:55:33,752 - node_3_1 - INFO - Performing work-stealing
2025-05-16 17:55:33,752 - node_3_1 - INFO - Performing work-stealing
2025-05-16 17:55:43,776 - node_3_1 - INFO - Performing work-stealing
2025-05-16 17:55:43,776 - node_3_1 - INFO - Performing work-stealing
2025-05-16 17:55:53,775 - node_3_1 - INFO - Performing work-stealing
2025-05-16 17:55:53,775 - node_3_1 - INFO - Performing work-stealing
2025-05-16 17:56:03,793 - node_3_1 - INFO - Performing work-stealing
2025-05-16 17:56:03,793 - node_3_1 - INFO - Performing work-stealing
2025-05-16 17:56:13,803 - node_3_1 - INFO - Performing work-stealing
2025-05-16 17:56:13,803 - node_3_1 - INFO - Performing work-stealing
2025-05-16 17:56:23,799 - node_3_1 - INFO - Performing work-stealing
2025-05-16 17:56:23,799 - node_3_1 - INFO - Performing work-stealing
2025-05-16 17:56:33,809 - node_3_1 - INFO - Performing work-stealing
2025-05-16 17:56:33,809 - node_3_1 - INFO - Performing work-stealing
2025-05-16 17:56:43,832 - node_3_1 - INFO - Performing work-stealing
2025-05-16 17:56:43,832 - node_3_1 - INFO - Performing work-stealing
2025-05-16 17:56:53,829 - node_3_1 - INFO - Performing work-stealing
2025-05-16 17:56:53,829 - node_3_1 - INFO - Performing work-stealing
2025-05-16 17:57:03,844 - node_3_1 - INFO - Performing work-stealing
2025-05-16 17:57:03,844 - node_3_1 - INFO - Performing work-stealing
2025-05-16 17:57:13,860 - node_3_1 - INFO - Performing work-stealing
2025-05-16 17:57:13,860 - node_3_1 - INFO - Performing work-stealing
2025-05-16 17:57:23,859 - node_3_1 - INFO - Performing work-stealing
2025-05-16 17:57:23,859 - node_3_1 - INFO - Performing work-stealing
2025-05-16 17:57:33,871 - node_3_1 - INFO - Performing work-stealing
2025-05-16 17:57:33,871 - node_3_1 - INFO - Performing work-stealing
2025-05-16 17:57:43,895 - node_3_1 - INFO - Performing work-stealing
2025-05-16 17:57:43,895 - node_3_1 - INFO - Performing work-stealing
2025-05-16 17:57:53,893 - node_3_1 - INFO - Performing work-stealing
2025-05-16 17:57:53,893 - node_3_1 - INFO - Performing work-stealing
2025-05-16 17:58:03,917 - node_3_1 - INFO - Performing work-stealing
2025-05-16 17:58:03,917 - node_3_1 - INFO - Performing work-stealing
2025-05-16 17:58:13,935 - node_3_1 - INFO - Performing work-stealing
2025-05-16 17:58:13,935 - node_3_1 - INFO - Performing work-stealing
2025-05-16 17:58:23,934 - node_3_1 - INFO - Performing work-stealing
2025-05-16 17:58:23,934 - node_3_1 - INFO - Performing work-stealing
2025-05-16 17:58:33,958 - node_3_1 - INFO - Performing work-stealing
2025-05-16 17:58:33,958 - node_3_1 - INFO - Performing work-stealing
2025-05-16 17:58:43,961 - node_3_1 - INFO - Performing work-stealing
2025-05-16 17:58:43,961 - node_3_1 - INFO - Performing work-stealing
2025-05-16 17:58:53,956 - node_3_1 - INFO - Performing work-stealing
2025-05-16 17:58:53,956 - node_3_1 - INFO - Performing work-stealing
2025-05-16 17:59:03,976 - node_3_1 - INFO - Performing work-stealing
2025-05-16 17:59:03,976 - node_3_1 - INFO - Performing work-stealing
2025-05-16 17:59:14,000 - node_3_1 - INFO - Performing work-stealing
2025-05-16 17:59:14,000 - node_3_1 - INFO - Performing work-stealing
2025-05-16 17:59:23,990 - node_3_1 - INFO - Performing work-stealing
2025-05-16 17:59:23,990 - node_3_1 - INFO - Performing work-stealing
2025-05-16 17:59:34,003 - node_3_1 - INFO - Performing work-stealing
2025-05-16 17:59:34,003 - node_3_1 - INFO - Performing work-stealing
2025-05-16 17:59:44,020 - node_3_1 - INFO - Performing work-stealing
2025-05-16 17:59:44,020 - node_3_1 - INFO - Performing work-stealing
2025-05-16 17:59:54,006 - node_3_1 - INFO - Performing work-stealing
2025-05-16 17:59:54,006 - node_3_1 - INFO - Performing work-stealing
2025-05-16 18:00:04,026 - node_3_1 - INFO - Performing work-stealing
2025-05-16 18:00:04,026 - node_3_1 - INFO - Performing work-stealing
2025-05-16 18:00:14,046 - node_3_1 - INFO - Performing work-stealing
2025-05-16 18:00:14,046 - node_3_1 - INFO - Performing work-stealing
2025-05-16 18:00:24,024 - node_3_1 - INFO - Performing work-stealing
2025-05-16 18:00:24,024 - node_3_1 - INFO - Performing work-stealing
2025-05-16 18:00:34,041 - node_3_1 - INFO - Performing work-stealing
2025-05-16 18:00:34,041 - node_3_1 - INFO - Performing work-stealing
2025-05-16 18:00:44,055 - node_3_1 - INFO - Performing work-stealing
2025-05-16 18:00:44,055 - node_3_1 - INFO - Performing work-stealing
2025-05-16 18:00:54,046 - node_3_1 - INFO - Performing work-stealing
2025-05-16 18:00:54,046 - node_3_1 - INFO - Performing work-stealing
2025-05-16 18:01:04,056 - node_3_1 - INFO - Performing work-stealing
2025-05-16 18:01:04,056 - node_3_1 - INFO - Performing work-stealing
2025-05-16 18:01:14,077 - node_3_1 - INFO - Performing work-stealing
2025-05-16 18:01:14,077 - node_3_1 - INFO - Performing work-stealing
2025-05-16 18:01:24,072 - node_3_1 - INFO - Performing work-stealing
2025-05-16 18:01:24,072 - node_3_1 - INFO - Performing work-stealing
2025-05-16 18:01:34,088 - node_3_1 - INFO - Performing work-stealing
2025-05-16 18:01:34,088 - node_3_1 - INFO - Performing work-stealing
2025-05-16 18:01:44,120 - node_3_1 - INFO - Performing work-stealing
2025-05-16 18:01:44,120 - node_3_1 - INFO - Performing work-stealing
2025-05-16 18:01:54,117 - node_3_1 - INFO - Performing work-stealing
2025-05-16 18:01:54,117 - node_3_1 - INFO - Performing work-stealing
2025-05-16 18:02:04,130 - node_3_1 - INFO - Performing work-stealing
2025-05-16 18:02:04,130 - node_3_1 - INFO - Performing work-stealing
2025-05-16 18:02:14,147 - node_3_1 - INFO - Performing work-stealing
2025-05-16 18:02:14,147 - node_3_1 - INFO - Performing work-stealing
2025-05-16 18:02:24,146 - node_3_1 - INFO - Performing work-stealing
2025-05-16 18:02:24,146 - node_3_1 - INFO - Performing work-stealing
2025-05-16 18:02:34,152 - node_3_1 - INFO - Performing work-stealing
2025-05-16 18:02:34,152 - node_3_1 - INFO - Performing work-stealing
2025-05-16 18:02:44,162 - node_3_1 - INFO - Performing work-stealing
2025-05-16 18:02:44,162 - node_3_1 - INFO - Performing work-stealing
2025-05-16 18:02:54,147 - node_3_1 - INFO - Performing work-stealing
2025-05-16 18:02:54,147 - node_3_1 - INFO - Performing work-stealing
2025-05-16 18:03:04,171 - node_3_1 - INFO - Performing work-stealing
2025-05-16 18:03:04,171 - node_3_1 - INFO - Performing work-stealing
2025-05-16 18:03:14,177 - node_3_1 - INFO - Performing work-stealing
2025-05-16 18:03:14,177 - node_3_1 - INFO - Performing work-stealing
2025-05-16 18:03:24,149 - node_3_1 - INFO - Performing work-stealing
2025-05-16 18:03:24,149 - node_3_1 - INFO - Performing work-stealing
2025-05-16 18:03:34,159 - node_3_1 - INFO - Performing work-stealing
2025-05-16 18:03:34,159 - node_3_1 - INFO - Performing work-stealing
2025-05-16 18:03:44,183 - node_3_1 - INFO - Performing work-stealing
2025-05-16 18:03:44,183 - node_3_1 - INFO - Performing work-stealing
2025-05-16 18:03:54,195 - node_3_1 - INFO - Performing work-stealing
2025-05-16 18:03:54,195 - node_3_1 - INFO - Performing work-stealing
2025-05-16 18:04:04,207 - node_3_1 - INFO - Performing work-stealing
2025-05-16 18:04:04,207 - node_3_1 - INFO - Performing work-stealing
2025-05-16 18:04:14,217 - node_3_1 - INFO - Performing work-stealing
2025-05-16 18:04:14,217 - node_3_1 - INFO - Performing work-stealing
2025-05-16 18:04:24,216 - node_3_1 - INFO - Performing work-stealing
2025-05-16 18:04:24,216 - node_3_1 - INFO - Performing work-stealing
2025-05-16 18:04:34,218 - node_3_1 - INFO - Performing work-stealing
2025-05-16 18:04:34,218 - node_3_1 - INFO - Performing work-stealing
2025-05-16 18:04:44,242 - node_3_1 - INFO - Performing work-stealing
2025-05-16 18:04:44,242 - node_3_1 - INFO - Performing work-stealing
2025-05-16 18:04:54,227 - node_3_1 - INFO - Performing work-stealing
2025-05-16 18:04:54,227 - node_3_1 - INFO - Performing work-stealing
2025-05-16 18:05:04,247 - node_3_1 - INFO - Performing work-stealing
2025-05-16 18:05:04,247 - node_3_1 - INFO - Performing work-stealing
2025-05-16 18:05:14,257 - node_3_1 - INFO - Performing work-stealing
2025-05-16 18:05:14,257 - node_3_1 - INFO - Performing work-stealing
2025-05-16 18:05:24,256 - node_3_1 - INFO - Performing work-stealing
2025-05-16 18:05:24,256 - node_3_1 - INFO - Performing work-stealing
2025-05-16 18:05:34,271 - node_3_1 - INFO - Performing work-stealing
2025-05-16 18:05:34,271 - node_3_1 - INFO - Performing work-stealing
2025-05-16 18:05:44,296 - node_3_1 - INFO - Performing work-stealing
2025-05-16 18:05:44,296 - node_3_1 - INFO - Performing work-stealing
2025-05-16 18:05:54,280 - node_3_1 - INFO - Performing work-stealing
2025-05-16 18:05:54,280 - node_3_1 - INFO - Performing work-stealing
2025-05-16 18:06:04,297 - node_3_1 - INFO - Performing work-stealing
2025-05-16 18:06:04,297 - node_3_1 - INFO - Performing work-stealing
2025-05-16 18:06:14,306 - node_3_1 - INFO - Performing work-stealing
2025-05-16 18:06:14,306 - node_3_1 - INFO - Performing work-stealing
2025-05-16 18:06:24,302 - node_3_1 - INFO - Performing work-stealing
2025-05-16 18:06:24,302 - node_3_1 - INFO - Performing work-stealing
2025-05-16 18:06:34,322 - node_3_1 - INFO - Performing work-stealing
2025-05-16 18:06:34,322 - node_3_1 - INFO - Performing work-stealing
2025-05-16 18:06:44,342 - node_3_1 - INFO - Performing work-stealing
2025-05-16 18:06:44,342 - node_3_1 - INFO - Performing work-stealing
2025-05-16 18:06:54,326 - node_3_1 - INFO - Performing work-stealing
2025-05-16 18:06:54,326 - node_3_1 - INFO - Performing work-stealing
2025-05-16 18:07:04,336 - node_3_1 - INFO - Performing work-stealing
2025-05-16 18:07:04,336 - node_3_1 - INFO - Performing work-stealing
2025-05-16 18:07:14,338 - node_3_1 - INFO - Performing work-stealing
2025-05-16 18:07:14,338 - node_3_1 - INFO - Performing work-stealing
2025-05-17 01:46:44,593 - node_3_1 - INFO - Performing work-stealing
2025-05-17 01:46:44,593 - node_3_1 - INFO - Performing work-stealing
2025-05-17 01:46:31,852 - node_3_1 - INFO - Performing work-stealing
2025-05-17 01:46:31,852 - node_3_1 - INFO - Performing work-stealing
2025-05-17 01:46:41,862 - node_3_1 - INFO - Performing work-stealing
2025-05-17 01:46:41,862 - node_3_1 - INFO - Performing work-stealing
2025-05-17 01:46:51,912 - node_3_1 - INFO - Performing work-stealing
2025-05-17 01:46:51,912 - node_3_1 - INFO - Performing work-stealing
2025-05-17 01:47:01,948 - node_3_1 - INFO - Performing work-stealing
2025-05-17 01:47:01,948 - node_3_1 - INFO - Performing work-stealing
2025-05-17 01:47:11,961 - node_3_1 - INFO - Performing work-stealing
2025-05-17 01:47:11,961 - node_3_1 - INFO - Performing work-stealing
2025-05-17 01:47:21,991 - node_3_1 - INFO - Performing work-stealing
2025-05-17 01:47:21,991 - node_3_1 - INFO - Performing work-stealing
2025-05-17 01:47:32,019 - node_3_1 - INFO - Performing work-stealing
2025-05-17 01:47:32,019 - node_3_1 - INFO - Performing work-stealing
2025-05-17 01:47:42,077 - node_3_1 - INFO - Performing work-stealing
2025-05-17 01:47:42,077 - node_3_1 - INFO - Performing work-stealing
