2025-05-16 17:15:47,204 - node_2_1 - INFO - Starting node 2 in cluster 1, is_leader=False
2025-05-16 17:15:47,205 - node_2_1 - INFO - Starting leader election
2025-05-16 17:16:00,339 - node_2_1 - INFO - Leader election completed. Node 2 is_leader=False
2025-05-16 17:16:00,347 - node_2_1 - INFO - Node 2 in cluster 1 initialized, is_leader=False
2025-05-16 17:16:00,347 - node_2_1 - INFO - Node 2 in cluster 1 initialized, is_leader=False
2025-05-16 17:16:00,352 - node_2_1 - INFO - Performing work-stealing
2025-05-16 17:16:00,352 - node_2_1 - INFO - Started work-stealing thread
2025-05-16 17:16:00,352 - node_2_1 - INFO - Performing work-stealing
2025-05-16 17:16:00,352 - node_2_1 - INFO - Started work-stealing thread
2025-05-16 17:17:11,897 - node_2_1 - INFO - Starting node 2 in cluster 1, is_leader=False
2025-05-16 17:17:11,898 - node_2_1 - INFO - Starting leader election
2025-05-16 17:17:15,935 - node_2_1 - INFO - Leader election completed. Node 2 is_leader=False
2025-05-16 17:17:43,779 - node_2_1 - INFO - Starting node 2 in cluster 1, is_leader=False
2025-05-16 17:17:43,780 - node_2_1 - INFO - Starting leader election
2025-05-16 17:18:46,337 - node_2_1 - INFO - Leader election completed. Node 2 is_leader=False
2025-05-16 17:18:46,344 - node_2_1 - INFO - Node 2 in cluster 1 initialized, is_leader=False
2025-05-16 17:18:46,344 - node_2_1 - INFO - Node 2 in cluster 1 initialized, is_leader=False
2025-05-16 17:18:46,348 - node_2_1 - INFO - Performing work-stealing
2025-05-16 17:18:46,348 - node_2_1 - INFO - Started work-stealing thread
2025-05-16 17:18:46,348 - node_2_1 - INFO - Performing work-stealing
2025-05-16 17:18:46,348 - node_2_1 - INFO - Started work-stealing thread
2025-05-16 17:18:56,341 - node_2_1 - INFO - Performing work-stealing
2025-05-16 17:18:56,341 - node_2_1 - INFO - Performing work-stealing
2025-05-16 17:19:06,361 - node_2_1 - INFO - Performing work-stealing
2025-05-16 17:19:06,361 - node_2_1 - INFO - Performing work-stealing
2025-05-16 17:19:16,381 - node_2_1 - INFO - Performing work-stealing
2025-05-16 17:19:16,381 - node_2_1 - INFO - Performing work-stealing
2025-05-16 17:19:26,380 - node_2_1 - INFO - Performing work-stealing
2025-05-16 17:19:26,380 - node_2_1 - INFO - Performing work-stealing
2025-05-16 17:19:36,400 - node_2_1 - INFO - Performing work-stealing
2025-05-16 17:19:36,400 - node_2_1 - INFO - Performing work-stealing
2025-05-16 17:19:46,421 - node_2_1 - INFO - Performing work-stealing
2025-05-16 17:19:46,421 - node_2_1 - INFO - Performing work-stealing
2025-05-16 17:19:56,421 - node_2_1 - INFO - Performing work-stealing
2025-05-16 17:19:56,421 - node_2_1 - INFO - Performing work-stealing
2025-05-16 17:20:06,442 - node_2_1 - INFO - Performing work-stealing
2025-05-16 17:20:06,442 - node_2_1 - INFO - Performing work-stealing
2025-05-16 17:20:16,463 - node_2_1 - INFO - Performing work-stealing
2025-05-16 17:20:16,463 - node_2_1 - INFO - Performing work-stealing
2025-05-16 17:20:26,462 - node_2_1 - INFO - Performing work-stealing
2025-05-16 17:20:26,462 - node_2_1 - INFO - Performing work-stealing
2025-05-16 17:20:36,468 - node_2_1 - INFO - Performing work-stealing
2025-05-16 17:20:36,468 - node_2_1 - INFO - Performing work-stealing
2025-05-16 17:20:46,489 - node_2_1 - INFO - Performing work-stealing
2025-05-16 17:20:46,489 - node_2_1 - INFO - Performing work-stealing
2025-05-16 17:20:56,489 - node_2_1 - INFO - Performing work-stealing
2025-05-16 17:20:56,489 - node_2_1 - INFO - Performing work-stealing
2025-05-16 17:21:06,510 - node_2_1 - INFO - Performing work-stealing
2025-05-16 17:21:06,510 - node_2_1 - INFO - Performing work-stealing
2025-05-16 17:21:16,531 - node_2_1 - INFO - Performing work-stealing
2025-05-16 17:21:16,531 - node_2_1 - INFO - Performing work-stealing
2025-05-16 17:21:26,516 - node_2_1 - INFO - Performing work-stealing
2025-05-16 17:21:26,516 - node_2_1 - INFO - Performing work-stealing
2025-05-16 17:21:36,526 - node_2_1 - INFO - Performing work-stealing
2025-05-16 17:21:36,526 - node_2_1 - INFO - Performing work-stealing
2025-05-16 17:21:46,528 - node_2_1 - INFO - Performing work-stealing
2025-05-16 17:21:46,528 - node_2_1 - INFO - Performing work-stealing
2025-05-16 17:21:56,515 - node_2_1 - INFO - Performing work-stealing
2025-05-16 17:21:56,515 - node_2_1 - INFO - Performing work-stealing
2025-05-16 17:22:06,536 - node_2_1 - INFO - Performing work-stealing
2025-05-16 17:22:06,536 - node_2_1 - INFO - Performing work-stealing
2025-05-16 17:22:16,555 - node_2_1 - INFO - Performing work-stealing
2025-05-16 17:22:16,555 - node_2_1 - INFO - Performing work-stealing
2025-05-16 17:22:41,718 - node_2_1 - INFO - Starting node 2 in cluster 1, is_leader=False
2025-05-16 17:22:41,719 - node_2_1 - INFO - Starting leader election
2025-05-16 17:22:59,876 - node_2_1 - INFO - Leader election completed. Node 2 is_leader=False
2025-05-16 17:22:59,892 - node_2_1 - INFO - Node 2 in cluster 1 initialized, is_leader=False
2025-05-16 17:22:59,892 - node_2_1 - INFO - Node 2 in cluster 1 initialized, is_leader=False
2025-05-16 17:22:59,900 - node_2_1 - INFO - Performing work-stealing
2025-05-16 17:22:59,900 - node_2_1 - INFO - Started work-stealing thread
2025-05-16 17:22:59,900 - node_2_1 - INFO - Performing work-stealing
2025-05-16 17:22:59,900 - node_2_1 - INFO - Started work-stealing thread
2025-05-16 17:23:09,912 - node_2_1 - INFO - Performing work-stealing
2025-05-16 17:23:09,912 - node_2_1 - INFO - Performing work-stealing
2025-05-16 17:23:19,912 - node_2_1 - INFO - Performing work-stealing
2025-05-16 17:23:19,912 - node_2_1 - INFO - Performing work-stealing
2025-05-16 17:23:29,923 - node_2_1 - INFO - Performing work-stealing
2025-05-16 17:23:29,923 - node_2_1 - INFO - Performing work-stealing
2025-05-16 17:23:39,944 - node_2_1 - INFO - Performing work-stealing
2025-05-16 17:23:39,944 - node_2_1 - INFO - Performing work-stealing
2025-05-16 17:23:49,927 - node_2_1 - INFO - Performing work-stealing
2025-05-16 17:23:49,927 - node_2_1 - INFO - Performing work-stealing
2025-05-16 17:23:59,941 - node_2_1 - INFO - Performing work-stealing
2025-05-16 17:23:59,941 - node_2_1 - INFO - Performing work-stealing
2025-05-16 17:24:09,942 - node_2_1 - INFO - Performing work-stealing
2025-05-16 17:24:09,942 - node_2_1 - INFO - Performing work-stealing
2025-05-16 17:24:19,940 - node_2_1 - INFO - Performing work-stealing
2025-05-16 17:24:19,940 - node_2_1 - INFO - Performing work-stealing
2025-05-16 17:24:29,961 - node_2_1 - INFO - Performing work-stealing
2025-05-16 17:24:29,961 - node_2_1 - INFO - Performing work-stealing
2025-05-16 17:24:39,980 - node_2_1 - INFO - Performing work-stealing
2025-05-16 17:24:39,980 - node_2_1 - INFO - Performing work-stealing
2025-05-16 17:24:49,980 - node_2_1 - INFO - Performing work-stealing
2025-05-16 17:24:49,980 - node_2_1 - INFO - Performing work-stealing
2025-05-16 17:25:00,001 - node_2_1 - INFO - Performing work-stealing
2025-05-16 17:25:00,001 - node_2_1 - INFO - Performing work-stealing
2025-05-16 17:25:10,009 - node_2_1 - INFO - Performing work-stealing
2025-05-16 17:25:10,009 - node_2_1 - INFO - Performing work-stealing
2025-05-16 17:25:19,998 - node_2_1 - INFO - Performing work-stealing
2025-05-16 17:25:19,998 - node_2_1 - INFO - Performing work-stealing
2025-05-16 17:25:30,019 - node_2_1 - INFO - Performing work-stealing
2025-05-16 17:25:30,019 - node_2_1 - INFO - Performing work-stealing
2025-05-16 17:25:40,041 - node_2_1 - INFO - Performing work-stealing
2025-05-16 17:25:40,041 - node_2_1 - INFO - Performing work-stealing
2025-05-16 17:25:50,041 - node_2_1 - INFO - Performing work-stealing
2025-05-16 17:25:50,041 - node_2_1 - INFO - Performing work-stealing
2025-05-16 17:26:00,062 - node_2_1 - INFO - Performing work-stealing
2025-05-16 17:26:00,062 - node_2_1 - INFO - Performing work-stealing
2025-05-16 17:26:10,077 - node_2_1 - INFO - Performing work-stealing
2025-05-16 17:26:10,077 - node_2_1 - INFO - Performing work-stealing
2025-05-16 17:26:20,065 - node_2_1 - INFO - Performing work-stealing
2025-05-16 17:26:20,065 - node_2_1 - INFO - Performing work-stealing
2025-05-16 17:26:30,075 - node_2_1 - INFO - Performing work-stealing
2025-05-16 17:26:30,075 - node_2_1 - INFO - Performing work-stealing
2025-05-16 17:26:40,095 - node_2_1 - INFO - Performing work-stealing
2025-05-16 17:26:40,095 - node_2_1 - INFO - Performing work-stealing
2025-05-16 17:26:50,094 - node_2_1 - INFO - Performing work-stealing
2025-05-16 17:26:50,094 - node_2_1 - INFO - Performing work-stealing
2025-05-16 17:27:00,096 - node_2_1 - INFO - Performing work-stealing
2025-05-16 17:27:00,096 - node_2_1 - INFO - Performing work-stealing
2025-05-16 17:27:10,117 - node_2_1 - INFO - Performing work-stealing
2025-05-16 17:27:10,117 - node_2_1 - INFO - Performing work-stealing
2025-05-16 17:27:20,118 - node_2_1 - INFO - Performing work-stealing
2025-05-16 17:27:20,118 - node_2_1 - INFO - Performing work-stealing
2025-05-16 17:27:30,139 - node_2_1 - INFO - Performing work-stealing
2025-05-16 17:27:30,139 - node_2_1 - INFO - Performing work-stealing
2025-05-16 17:27:40,143 - node_2_1 - INFO - Performing work-stealing
2025-05-16 17:27:40,143 - node_2_1 - INFO - Performing work-stealing
2025-05-16 17:27:50,133 - node_2_1 - INFO - Performing work-stealing
2025-05-16 17:27:50,133 - node_2_1 - INFO - Performing work-stealing
2025-05-16 17:28:34,870 - node_2_1 - INFO - Starting node 2 in cluster 1, is_leader=False
2025-05-16 17:28:34,871 - node_2_1 - INFO - Starting leader election
2025-05-16 17:28:40,923 - node_2_1 - INFO - Leader election completed. Node 2 is_leader=False
2025-05-16 17:28:40,934 - node_2_1 - INFO - Node 2 in cluster 1 initialized, is_leader=False
2025-05-16 17:28:40,934 - node_2_1 - INFO - Node 2 in cluster 1 initialized, is_leader=False
2025-05-16 17:28:40,943 - node_2_1 - INFO - Kafka consumer connected successfully for topic delete
2025-05-16 17:28:40,943 - node_2_1 - INFO - Kafka consumer connected successfully for topic delete
2025-05-16 17:28:40,944 - node_2_1 - INFO - Performing work-stealing
2025-05-16 17:28:40,944 - node_2_1 - INFO - Started work-stealing thread
2025-05-16 17:28:40,944 - node_2_1 - INFO - Performing work-stealing
2025-05-16 17:28:40,944 - node_2_1 - INFO - Started work-stealing thread
2025-05-16 17:28:50,939 - node_2_1 - INFO - Performing work-stealing
2025-05-16 17:28:50,939 - node_2_1 - INFO - Performing work-stealing
2025-05-16 17:29:00,959 - node_2_1 - INFO - Performing work-stealing
2025-05-16 17:29:00,959 - node_2_1 - INFO - Performing work-stealing
2025-05-16 17:29:10,980 - node_2_1 - INFO - Performing work-stealing
2025-05-16 17:29:10,980 - node_2_1 - INFO - Performing work-stealing
2025-05-16 17:29:20,969 - node_2_1 - INFO - Performing work-stealing
2025-05-16 17:29:20,969 - node_2_1 - INFO - Performing work-stealing
2025-05-16 17:29:30,979 - node_2_1 - INFO - Performing work-stealing
2025-05-16 17:29:30,979 - node_2_1 - INFO - Performing work-stealing
2025-05-16 17:29:40,989 - node_2_1 - INFO - Performing work-stealing
2025-05-16 17:29:40,989 - node_2_1 - INFO - Performing work-stealing
2025-05-16 17:29:50,989 - node_2_1 - INFO - Performing work-stealing
2025-05-16 17:29:50,989 - node_2_1 - INFO - Performing work-stealing
2025-05-16 17:30:01,008 - node_2_1 - INFO - Performing work-stealing
2025-05-16 17:30:01,008 - node_2_1 - INFO - Performing work-stealing
2025-05-16 17:30:11,030 - node_2_1 - INFO - Performing work-stealing
2025-05-16 17:30:11,030 - node_2_1 - INFO - Performing work-stealing
2025-05-16 17:30:21,030 - node_2_1 - INFO - Performing work-stealing
2025-05-16 17:30:21,030 - node_2_1 - INFO - Performing work-stealing
2025-05-16 17:30:31,045 - node_2_1 - INFO - Performing work-stealing
2025-05-16 17:30:31,045 - node_2_1 - INFO - Performing work-stealing
2025-05-16 17:30:41,067 - node_2_1 - INFO - Performing work-stealing
2025-05-16 17:30:41,067 - node_2_1 - INFO - Performing work-stealing
2025-05-16 17:30:51,067 - node_2_1 - INFO - Performing work-stealing
2025-05-16 17:30:51,067 - node_2_1 - INFO - Performing work-stealing
2025-05-16 17:31:01,075 - node_2_1 - INFO - Performing work-stealing
2025-05-16 17:31:01,075 - node_2_1 - INFO - Performing work-stealing
2025-05-16 17:31:11,095 - node_2_1 - INFO - Performing work-stealing
2025-05-16 17:31:11,095 - node_2_1 - INFO - Performing work-stealing
2025-05-16 17:31:21,090 - node_2_1 - INFO - Performing work-stealing
2025-05-16 17:31:21,090 - node_2_1 - INFO - Performing work-stealing
2025-05-16 17:31:31,104 - node_2_1 - INFO - Performing work-stealing
2025-05-16 17:31:31,104 - node_2_1 - INFO - Performing work-stealing
2025-05-16 17:31:41,114 - node_2_1 - INFO - Performing work-stealing
2025-05-16 17:31:41,114 - node_2_1 - INFO - Performing work-stealing
2025-05-16 17:31:51,113 - node_2_1 - INFO - Performing work-stealing
2025-05-16 17:31:51,113 - node_2_1 - INFO - Performing work-stealing
2025-05-16 17:32:01,123 - node_2_1 - INFO - Performing work-stealing
2025-05-16 17:32:01,123 - node_2_1 - INFO - Performing work-stealing
2025-05-16 17:32:11,145 - node_2_1 - INFO - Performing work-stealing
2025-05-16 17:32:11,145 - node_2_1 - INFO - Performing work-stealing
2025-05-16 17:32:21,136 - node_2_1 - INFO - Performing work-stealing
2025-05-16 17:32:21,136 - node_2_1 - INFO - Performing work-stealing
2025-05-16 17:32:31,152 - node_2_1 - INFO - Performing work-stealing
2025-05-16 17:32:31,152 - node_2_1 - INFO - Performing work-stealing
2025-05-16 17:32:41,174 - node_2_1 - INFO - Performing work-stealing
2025-05-16 17:32:41,174 - node_2_1 - INFO - Performing work-stealing
2025-05-16 17:33:17,773 - node_2_1 - INFO - Starting node 2 in cluster 1, is_leader=False
2025-05-16 17:33:17,774 - node_2_1 - INFO - Starting leader election
2025-05-16 17:33:17,775 - node_2_1 - INFO - Elected leader is node 0
2025-05-16 17:33:17,775 - node_2_1 - INFO - Leader election completed. Node 2 is_leader=False
2025-05-16 17:33:33,738 - node_2_1 - INFO - Starting node 2 in cluster 1, is_leader=False
2025-05-16 17:33:33,739 - node_2_1 - INFO - Starting leader election
2025-05-16 17:33:34,749 - node_2_1 - INFO - Elected leader is node 0
2025-05-16 17:33:34,749 - node_2_1 - INFO - Leader election completed. Node 2 is_leader=False
2025-05-16 17:33:34,760 - node_2_1 - INFO - Node 2 in cluster 1 initialized, is_leader=False
2025-05-16 17:33:34,760 - node_2_1 - INFO - Node 2 in cluster 1 initialized, is_leader=False
2025-05-16 17:33:34,768 - node_2_1 - INFO - Kafka consumer connected successfully for topic delete
2025-05-16 17:33:34,768 - node_2_1 - INFO - Kafka consumer connected successfully for topic delete
2025-05-16 17:33:34,769 - node_2_1 - INFO - Performing work-stealing
2025-05-16 17:33:34,769 - node_2_1 - INFO - Started work-stealing thread
2025-05-16 17:33:34,769 - node_2_1 - INFO - Performing work-stealing
2025-05-16 17:33:34,769 - node_2_1 - INFO - Started work-stealing thread
2025-05-16 17:33:44,791 - node_2_1 - INFO - Performing work-stealing
2025-05-16 17:33:44,791 - node_2_1 - INFO - Performing work-stealing
2025-05-16 17:33:54,792 - node_2_1 - INFO - Performing work-stealing
2025-05-16 17:33:54,792 - node_2_1 - INFO - Performing work-stealing
2025-05-16 17:34:04,814 - node_2_1 - INFO - Performing work-stealing
2025-05-16 17:34:04,814 - node_2_1 - INFO - Performing work-stealing
2025-05-16 17:34:14,836 - node_2_1 - INFO - Performing work-stealing
2025-05-16 17:34:14,836 - node_2_1 - INFO - Performing work-stealing
2025-05-16 17:34:24,836 - node_2_1 - INFO - Performing work-stealing
2025-05-16 17:34:24,836 - node_2_1 - INFO - Performing work-stealing
2025-05-16 17:34:34,846 - node_2_1 - INFO - Performing work-stealing
2025-05-16 17:34:34,846 - node_2_1 - INFO - Performing work-stealing
2025-05-16 17:34:44,868 - node_2_1 - INFO - Performing work-stealing
2025-05-16 17:34:44,868 - node_2_1 - INFO - Performing work-stealing
2025-05-16 17:34:54,869 - node_2_1 - INFO - Performing work-stealing
2025-05-16 17:34:54,869 - node_2_1 - INFO - Performing work-stealing
2025-05-16 17:35:04,891 - node_2_1 - INFO - Performing work-stealing
2025-05-16 17:35:04,891 - node_2_1 - INFO - Performing work-stealing
2025-05-16 17:35:14,913 - node_2_1 - INFO - Performing work-stealing
2025-05-16 17:35:14,913 - node_2_1 - INFO - Performing work-stealing
2025-05-16 17:35:24,892 - node_2_1 - INFO - Performing work-stealing
2025-05-16 17:35:24,892 - node_2_1 - INFO - Performing work-stealing
2025-05-16 17:35:34,915 - node_2_1 - INFO - Performing work-stealing
2025-05-16 17:35:34,915 - node_2_1 - INFO - Performing work-stealing
2025-05-16 17:35:44,936 - node_2_1 - INFO - Performing work-stealing
2025-05-16 17:35:44,936 - node_2_1 - INFO - Performing work-stealing
2025-05-16 17:36:21,671 - node_2_1 - INFO - Starting node 2 in cluster 1, is_leader=False
2025-05-16 17:36:21,672 - node_2_1 - INFO - Starting leader election
2025-05-16 17:36:22,685 - node_2_1 - INFO - Elected leader is node 1
2025-05-16 17:36:22,686 - node_2_1 - INFO - Leader election completed. Node 2 is_leader=False
2025-05-16 17:36:40,776 - node_2_1 - INFO - Starting node 2 in cluster 1, is_leader=False
2025-05-16 17:36:40,776 - node_2_1 - INFO - Starting leader election
2025-05-16 17:36:40,777 - node_2_1 - INFO - Elected leader is node 1
2025-05-16 17:36:40,777 - node_2_1 - INFO - Leader election completed. Node 2 is_leader=False
2025-05-16 17:36:40,783 - node_2_1 - INFO - Node 2 in cluster 1 initialized, is_leader=False
2025-05-16 17:36:40,783 - node_2_1 - INFO - Node 2 in cluster 1 initialized, is_leader=False
2025-05-16 17:36:40,788 - node_2_1 - INFO - Kafka consumer connected successfully for topic delete
2025-05-16 17:36:40,788 - node_2_1 - INFO - Kafka consumer connected successfully for topic delete
2025-05-16 17:36:40,788 - node_2_1 - INFO - Performing work-stealing
2025-05-16 17:36:40,788 - node_2_1 - INFO - Started work-stealing thread
2025-05-16 17:36:40,788 - node_2_1 - INFO - Performing work-stealing
2025-05-16 17:36:40,788 - node_2_1 - INFO - Started work-stealing thread
2025-05-16 17:36:50,775 - node_2_1 - INFO - Performing work-stealing
2025-05-16 17:36:50,775 - node_2_1 - INFO - Performing work-stealing
2025-05-16 17:37:00,780 - node_2_1 - INFO - Performing work-stealing
2025-05-16 17:37:00,780 - node_2_1 - INFO - Performing work-stealing
2025-05-16 17:37:10,795 - node_2_1 - INFO - Performing work-stealing
2025-05-16 17:37:10,795 - node_2_1 - INFO - Performing work-stealing
2025-05-16 17:37:20,778 - node_2_1 - INFO - Performing work-stealing
2025-05-16 17:37:20,778 - node_2_1 - INFO - Performing work-stealing
2025-05-16 17:37:30,798 - node_2_1 - INFO - Performing work-stealing
2025-05-16 17:37:30,798 - node_2_1 - INFO - Performing work-stealing
2025-05-16 17:37:40,818 - node_2_1 - INFO - Performing work-stealing
2025-05-16 17:37:40,818 - node_2_1 - INFO - Performing work-stealing
2025-05-16 17:37:50,797 - node_2_1 - INFO - Performing work-stealing
2025-05-16 17:37:50,797 - node_2_1 - INFO - Performing work-stealing
2025-05-16 17:38:00,816 - node_2_1 - INFO - Performing work-stealing
2025-05-16 17:38:00,816 - node_2_1 - INFO - Performing work-stealing
2025-05-16 17:38:10,836 - node_2_1 - INFO - Performing work-stealing
2025-05-16 17:38:10,836 - node_2_1 - INFO - Performing work-stealing
2025-05-16 17:38:20,837 - node_2_1 - INFO - Performing work-stealing
2025-05-16 17:38:20,837 - node_2_1 - INFO - Performing work-stealing
2025-05-16 17:38:30,855 - node_2_1 - INFO - Performing work-stealing
2025-05-16 17:38:30,855 - node_2_1 - INFO - Performing work-stealing
2025-05-16 17:38:40,864 - node_2_1 - INFO - Performing work-stealing
2025-05-16 17:38:40,864 - node_2_1 - INFO - Performing work-stealing
2025-05-16 17:38:50,853 - node_2_1 - INFO - Performing work-stealing
2025-05-16 17:38:50,853 - node_2_1 - INFO - Performing work-stealing
2025-05-16 17:39:00,875 - node_2_1 - INFO - Performing work-stealing
2025-05-16 17:39:00,875 - node_2_1 - INFO - Performing work-stealing
2025-05-16 17:39:10,898 - node_2_1 - INFO - Performing work-stealing
2025-05-16 17:39:10,898 - node_2_1 - INFO - Performing work-stealing
2025-05-16 17:39:20,898 - node_2_1 - INFO - Performing work-stealing
2025-05-16 17:39:20,898 - node_2_1 - INFO - Performing work-stealing
2025-05-16 17:39:30,920 - node_2_1 - INFO - Performing work-stealing
2025-05-16 17:39:30,920 - node_2_1 - INFO - Performing work-stealing
2025-05-16 17:39:40,943 - node_2_1 - INFO - Performing work-stealing
2025-05-16 17:39:40,943 - node_2_1 - INFO - Performing work-stealing
2025-05-16 17:39:50,944 - node_2_1 - INFO - Performing work-stealing
2025-05-16 17:39:50,944 - node_2_1 - INFO - Performing work-stealing
2025-05-16 17:40:00,967 - node_2_1 - INFO - Performing work-stealing
2025-05-16 17:40:00,967 - node_2_1 - INFO - Performing work-stealing
2025-05-16 17:40:10,989 - node_2_1 - INFO - Performing work-stealing
2025-05-16 17:40:10,989 - node_2_1 - INFO - Performing work-stealing
2025-05-16 17:40:20,987 - node_2_1 - INFO - Performing work-stealing
2025-05-16 17:40:20,987 - node_2_1 - INFO - Performing work-stealing
2025-05-16 17:40:31,010 - node_2_1 - INFO - Performing work-stealing
2025-05-16 17:40:31,010 - node_2_1 - INFO - Performing work-stealing
2025-05-16 17:40:41,027 - node_2_1 - INFO - Performing work-stealing
2025-05-16 17:40:41,027 - node_2_1 - INFO - Performing work-stealing
2025-05-16 17:40:51,029 - node_2_1 - INFO - Performing work-stealing
2025-05-16 17:40:51,029 - node_2_1 - INFO - Performing work-stealing
2025-05-16 17:41:01,051 - node_2_1 - INFO - Performing work-stealing
2025-05-16 17:41:01,051 - node_2_1 - INFO - Performing work-stealing
2025-05-16 17:41:11,066 - node_2_1 - INFO - Performing work-stealing
2025-05-16 17:41:11,066 - node_2_1 - INFO - Performing work-stealing
2025-05-16 17:41:21,067 - node_2_1 - INFO - Performing work-stealing
2025-05-16 17:41:21,067 - node_2_1 - INFO - Performing work-stealing
2025-05-16 17:41:31,085 - node_2_1 - INFO - Performing work-stealing
2025-05-16 17:41:31,085 - node_2_1 - INFO - Performing work-stealing
2025-05-16 17:41:41,107 - node_2_1 - INFO - Performing work-stealing
2025-05-16 17:41:41,107 - node_2_1 - INFO - Performing work-stealing
2025-05-16 17:41:51,100 - node_2_1 - INFO - Performing work-stealing
2025-05-16 17:41:51,100 - node_2_1 - INFO - Performing work-stealing
2025-05-16 17:42:01,103 - node_2_1 - INFO - Performing work-stealing
2025-05-16 17:42:01,103 - node_2_1 - INFO - Performing work-stealing
2025-05-16 17:42:11,125 - node_2_1 - INFO - Performing work-stealing
2025-05-16 17:42:11,125 - node_2_1 - INFO - Performing work-stealing
2025-05-16 17:42:21,114 - node_2_1 - INFO - Performing work-stealing
2025-05-16 17:42:21,114 - node_2_1 - INFO - Performing work-stealing
2025-05-16 17:42:31,132 - node_2_1 - INFO - Performing work-stealing
2025-05-16 17:42:31,132 - node_2_1 - INFO - Performing work-stealing
2025-05-16 17:42:41,155 - node_2_1 - INFO - Performing work-stealing
2025-05-16 17:42:41,155 - node_2_1 - INFO - Performing work-stealing
2025-05-16 17:42:51,142 - node_2_1 - INFO - Performing work-stealing
2025-05-16 17:42:51,142 - node_2_1 - INFO - Performing work-stealing
2025-05-16 17:43:01,152 - node_2_1 - INFO - Performing work-stealing
2025-05-16 17:43:01,152 - node_2_1 - INFO - Performing work-stealing
2025-05-16 17:43:34,056 - node_2_1 - INFO - Starting node 2 in cluster 1, is_leader=False
2025-05-16 17:43:34,058 - node_2_1 - INFO - Starting leader election
2025-05-16 17:43:36,072 - node_2_1 - INFO - Elected leader is node 1
2025-05-16 17:43:36,073 - node_2_1 - INFO - Leader election completed. Node 2 is_leader=False
2025-05-16 17:44:13,058 - node_2_1 - INFO - Starting node 2 in cluster 1, is_leader=False
2025-05-16 17:44:13,058 - node_2_1 - INFO - Starting leader election
2025-05-16 17:44:14,066 - node_2_1 - INFO - Elected leader is node 1
2025-05-16 17:44:14,066 - node_2_1 - INFO - Leader election completed. Node 2 is_leader=False
2025-05-16 17:44:14,072 - node_2_1 - INFO - Node 2 in cluster 1 initialized, is_leader=False
2025-05-16 17:44:14,072 - node_2_1 - INFO - Node 2 in cluster 1 initialized, is_leader=False
2025-05-16 17:44:14,075 - node_2_1 - INFO - Kafka consumer connected successfully for topics ['replicate', 'delete']
2025-05-16 17:44:14,075 - node_2_1 - INFO - Kafka consumer connected successfully for topics ['replicate', 'delete']
2025-05-16 17:44:14,076 - node_2_1 - INFO - Performing work-stealing
2025-05-16 17:44:14,076 - node_2_1 - INFO - Started work-stealing thread
2025-05-16 17:44:14,076 - node_2_1 - INFO - Performing work-stealing
2025-05-16 17:44:14,076 - node_2_1 - INFO - Started work-stealing thread
2025-05-16 17:44:24,058 - node_2_1 - INFO - Performing work-stealing
2025-05-16 17:44:24,058 - node_2_1 - INFO - Performing work-stealing
2025-05-16 17:44:33,540 - node_2_1 - INFO - Received Kafka message on topic replicate: {'file_id': '1', 'path': 'files/1'}
2025-05-16 17:44:33,540 - node_2_1 - INFO - Received Kafka message on topic replicate: {'file_id': '1', 'path': 'files/1'}
2025-05-16 17:44:33,540 - node_2_1 - INFO - Fetching file 1 from Supernode at path files/1
2025-05-16 17:44:33,540 - node_2_1 - INFO - Fetching file 1 from Supernode at path files/1
2025-05-16 17:44:33,651 - node_2_1 - INFO - Replicated file 1 to local path node_files/1
2025-05-16 17:44:33,651 - node_2_1 - INFO - Replicated file 1 to local path node_files/1
2025-05-16 17:44:34,081 - node_2_1 - INFO - Performing work-stealing
2025-05-16 17:44:34,081 - node_2_1 - INFO - Performing work-stealing
2025-05-16 17:44:44,098 - node_2_1 - INFO - Performing work-stealing
2025-05-16 17:44:44,098 - node_2_1 - INFO - Performing work-stealing
2025-05-16 17:44:54,088 - node_2_1 - INFO - Performing work-stealing
2025-05-16 17:44:54,088 - node_2_1 - INFO - Performing work-stealing
2025-05-16 17:45:04,089 - node_2_1 - INFO - Performing work-stealing
2025-05-16 17:45:04,089 - node_2_1 - INFO - Performing work-stealing
2025-05-16 17:45:14,096 - node_2_1 - INFO - Performing work-stealing
2025-05-16 17:45:14,096 - node_2_1 - INFO - Performing work-stealing
2025-05-16 17:45:24,080 - node_2_1 - INFO - Performing work-stealing
2025-05-16 17:45:24,080 - node_2_1 - INFO - Performing work-stealing
2025-05-16 17:45:34,093 - node_2_1 - INFO - Performing work-stealing
2025-05-16 17:45:34,093 - node_2_1 - INFO - Performing work-stealing
2025-05-16 17:45:44,116 - node_2_1 - INFO - Performing work-stealing
2025-05-16 17:45:44,116 - node_2_1 - INFO - Performing work-stealing
2025-05-16 17:45:54,115 - node_2_1 - INFO - Performing work-stealing
2025-05-16 17:45:54,115 - node_2_1 - INFO - Performing work-stealing
2025-05-16 17:46:04,138 - node_2_1 - INFO - Performing work-stealing
2025-05-16 17:46:04,138 - node_2_1 - INFO - Performing work-stealing
2025-05-16 17:46:14,160 - node_2_1 - INFO - Performing work-stealing
2025-05-16 17:46:14,160 - node_2_1 - INFO - Performing work-stealing
2025-05-16 17:46:24,159 - node_2_1 - INFO - Performing work-stealing
2025-05-16 17:46:24,159 - node_2_1 - INFO - Performing work-stealing
2025-05-16 17:46:34,173 - node_2_1 - INFO - Performing work-stealing
2025-05-16 17:46:34,173 - node_2_1 - INFO - Performing work-stealing
2025-05-16 17:46:44,201 - node_2_1 - INFO - Performing work-stealing
2025-05-16 17:46:44,201 - node_2_1 - INFO - Performing work-stealing
2025-05-16 17:46:54,198 - node_2_1 - INFO - Performing work-stealing
2025-05-16 17:46:54,198 - node_2_1 - INFO - Performing work-stealing
2025-05-16 17:47:04,221 - node_2_1 - INFO - Performing work-stealing
2025-05-16 17:47:04,221 - node_2_1 - INFO - Performing work-stealing
2025-05-16 17:47:14,244 - node_2_1 - INFO - Performing work-stealing
2025-05-16 17:47:14,244 - node_2_1 - INFO - Performing work-stealing
2025-05-16 17:47:24,243 - node_2_1 - INFO - Performing work-stealing
2025-05-16 17:47:24,243 - node_2_1 - INFO - Performing work-stealing
2025-05-16 17:47:34,265 - node_2_1 - INFO - Performing work-stealing
2025-05-16 17:47:34,265 - node_2_1 - INFO - Performing work-stealing
2025-05-16 17:48:28,395 - node_2_1 - INFO - Starting node 2 in cluster 1, is_leader=False
2025-05-16 17:48:28,396 - node_2_1 - INFO - Starting leader election
2025-05-16 17:48:33,443 - node_2_1 - INFO - Elected leader is node 1
2025-05-16 17:48:33,444 - node_2_1 - INFO - Leader election completed. Node 2 is_leader=False
2025-05-16 17:48:33,455 - node_2_1 - INFO - Node 2 in cluster 1 initialized, is_leader=False
2025-05-16 17:48:33,455 - node_2_1 - INFO - Node 2 in cluster 1 initialized, is_leader=False
2025-05-16 17:48:33,458 - node_2_1 - INFO - Started HTTP server on port 5002
2025-05-16 17:48:33,458 - node_2_1 - INFO - Started HTTP server on port 5002
2025-05-16 17:48:33,467 - node_2_1 - INFO - Kafka consumer connected successfully for topics ['replicate', 'delete']
2025-05-16 17:48:33,467 - node_2_1 - INFO - Kafka consumer connected successfully for topics ['replicate', 'delete']
2025-05-16 17:48:33,468 - node_2_1 - INFO - Performing work-stealing
2025-05-16 17:48:33,468 - node_2_1 - INFO - Started work-stealing thread
2025-05-16 17:48:33,468 - node_2_1 - INFO - Performing work-stealing
2025-05-16 17:48:33,468 - node_2_1 - INFO - Started work-stealing thread
2025-05-16 17:48:43,492 - node_2_1 - INFO - Performing work-stealing
2025-05-16 17:48:43,492 - node_2_1 - INFO - Performing work-stealing
2025-05-16 17:48:53,473 - node_2_1 - INFO - Performing work-stealing
2025-05-16 17:48:53,473 - node_2_1 - INFO - Performing work-stealing
2025-05-16 17:49:03,492 - node_2_1 - INFO - Performing work-stealing
2025-05-16 17:49:03,492 - node_2_1 - INFO - Performing work-stealing
2025-05-16 17:49:13,513 - node_2_1 - INFO - Performing work-stealing
2025-05-16 17:49:13,513 - node_2_1 - INFO - Performing work-stealing
2025-05-16 17:49:23,500 - node_2_1 - INFO - Performing work-stealing
2025-05-16 17:49:23,500 - node_2_1 - INFO - Performing work-stealing
2025-05-16 17:49:33,511 - node_2_1 - INFO - Performing work-stealing
2025-05-16 17:49:33,511 - node_2_1 - INFO - Performing work-stealing
2025-05-16 17:49:43,534 - node_2_1 - INFO - Performing work-stealing
2025-05-16 17:49:43,534 - node_2_1 - INFO - Performing work-stealing
2025-05-16 17:49:53,533 - node_2_1 - INFO - Performing work-stealing
2025-05-16 17:49:53,533 - node_2_1 - INFO - Performing work-stealing
2025-05-16 17:49:58,053 - node_2_1 - INFO - Starting node 2 in cluster 1, is_leader=False
2025-05-16 17:49:58,054 - node_2_1 - INFO - Starting leader election
2025-05-16 17:49:58,055 - node_2_1 - INFO - Elected leader is node 1
2025-05-16 17:49:58,055 - node_2_1 - INFO - Leader election completed. Node 2 is_leader=False
2025-05-16 17:49:58,062 - node_2_1 - INFO - Node 2 in cluster 1 initialized, is_leader=False
2025-05-16 17:49:58,062 - node_2_1 - INFO - Node 2 in cluster 1 initialized, is_leader=False
2025-05-16 17:49:58,065 - node_2_1 - INFO - Started HTTP server on port 5002
2025-05-16 17:49:58,065 - node_2_1 - INFO - Started HTTP server on port 5002
2025-05-16 17:49:58,072 - node_2_1 - INFO - Kafka consumer connected successfully for topics ['replicate', 'delete']
2025-05-16 17:49:58,072 - node_2_1 - INFO - Kafka consumer connected successfully for topics ['replicate', 'delete']
2025-05-16 17:49:58,073 - node_2_1 - INFO - Performing work-stealing
2025-05-16 17:49:58,073 - node_2_1 - INFO - Started work-stealing thread
2025-05-16 17:49:58,073 - node_2_1 - INFO - Performing work-stealing
2025-05-16 17:49:58,073 - node_2_1 - INFO - Started work-stealing thread
2025-05-16 17:50:08,095 - node_2_1 - INFO - Performing work-stealing
2025-05-16 17:50:08,095 - node_2_1 - INFO - Performing work-stealing
2025-05-16 17:50:18,093 - node_2_1 - INFO - Performing work-stealing
2025-05-16 17:50:18,093 - node_2_1 - INFO - Performing work-stealing
2025-05-16 17:50:28,100 - node_2_1 - INFO - Performing work-stealing
2025-05-16 17:50:28,100 - node_2_1 - INFO - Performing work-stealing
2025-05-16 17:50:38,115 - node_2_1 - INFO - Performing work-stealing
2025-05-16 17:50:38,115 - node_2_1 - INFO - Performing work-stealing
2025-05-16 17:50:48,096 - node_2_1 - INFO - Performing work-stealing
2025-05-16 17:50:48,096 - node_2_1 - INFO - Performing work-stealing
2025-05-16 17:50:58,101 - node_2_1 - INFO - Performing work-stealing
2025-05-16 17:50:58,101 - node_2_1 - INFO - Performing work-stealing
2025-05-16 17:51:08,124 - node_2_1 - INFO - Performing work-stealing
2025-05-16 17:51:08,124 - node_2_1 - INFO - Performing work-stealing
2025-05-16 17:51:18,119 - node_2_1 - INFO - Performing work-stealing
2025-05-16 17:51:18,119 - node_2_1 - INFO - Performing work-stealing
2025-05-16 17:51:28,134 - node_2_1 - INFO - Performing work-stealing
2025-05-16 17:51:28,134 - node_2_1 - INFO - Performing work-stealing
2025-05-16 17:51:38,142 - node_2_1 - INFO - Performing work-stealing
2025-05-16 17:51:38,142 - node_2_1 - INFO - Performing work-stealing
2025-05-16 17:51:48,141 - node_2_1 - INFO - Performing work-stealing
2025-05-16 17:51:48,141 - node_2_1 - INFO - Performing work-stealing
2025-05-16 17:51:58,164 - node_2_1 - INFO - Performing work-stealing
2025-05-16 17:51:58,164 - node_2_1 - INFO - Performing work-stealing
2025-05-16 17:52:08,178 - node_2_1 - INFO - Performing work-stealing
2025-05-16 17:52:08,178 - node_2_1 - INFO - Performing work-stealing
2025-05-16 17:52:18,174 - node_2_1 - INFO - Performing work-stealing
2025-05-16 17:52:18,174 - node_2_1 - INFO - Performing work-stealing
2025-05-16 17:52:28,194 - node_2_1 - INFO - Performing work-stealing
2025-05-16 17:52:28,194 - node_2_1 - INFO - Performing work-stealing
2025-05-16 17:52:38,210 - node_2_1 - INFO - Performing work-stealing
2025-05-16 17:52:38,210 - node_2_1 - INFO - Performing work-stealing
2025-05-16 17:52:48,199 - node_2_1 - INFO - Performing work-stealing
2025-05-16 17:52:48,199 - node_2_1 - INFO - Performing work-stealing
2025-05-16 17:53:37,585 - node_2_1 - INFO - Starting node 2 in cluster 1, is_leader=False
2025-05-16 17:53:37,587 - node_2_1 - INFO - Starting leader election
2025-05-16 17:53:43,657 - node_2_1 - INFO - Elected leader is node 1
2025-05-16 17:53:43,657 - node_2_1 - INFO - Leader election completed. Node 2 is_leader=False
2025-05-16 17:53:43,665 - node_2_1 - INFO - Node 2 in cluster 1 initialized, is_leader=False
2025-05-16 17:53:43,665 - node_2_1 - INFO - Node 2 in cluster 1 initialized, is_leader=False
2025-05-16 17:53:43,668 - node_2_1 - INFO - Started HTTP server on port 5002
2025-05-16 17:53:43,668 - node_2_1 - INFO - Started HTTP server on port 5002
2025-05-16 17:53:43,675 - node_2_1 - INFO - Kafka consumer connected successfully for topics ['replicate', 'delete']
2025-05-16 17:53:43,675 - node_2_1 - INFO - Kafka consumer connected successfully for topics ['replicate', 'delete']
2025-05-16 17:53:43,675 - node_2_1 - INFO - Performing work-stealing
2025-05-16 17:53:43,675 - node_2_1 - INFO - Started work-stealing thread
2025-05-16 17:53:43,675 - node_2_1 - INFO - Performing work-stealing
2025-05-16 17:53:43,675 - node_2_1 - INFO - Started work-stealing thread
2025-05-16 17:53:53,671 - node_2_1 - INFO - Performing work-stealing
2025-05-16 17:53:53,671 - node_2_1 - INFO - Performing work-stealing
2025-05-16 17:54:03,694 - node_2_1 - INFO - Performing work-stealing
2025-05-16 17:54:03,694 - node_2_1 - INFO - Performing work-stealing
2025-05-16 17:54:13,711 - node_2_1 - INFO - Performing work-stealing
2025-05-16 17:54:13,711 - node_2_1 - INFO - Performing work-stealing
2025-05-16 17:54:23,709 - node_2_1 - INFO - Performing work-stealing
2025-05-16 17:54:23,709 - node_2_1 - INFO - Performing work-stealing
2025-05-16 17:54:33,716 - node_2_1 - INFO - Performing work-stealing
2025-05-16 17:54:33,716 - node_2_1 - INFO - Performing work-stealing
2025-05-16 17:54:43,740 - node_2_1 - INFO - Performing work-stealing
2025-05-16 17:54:43,740 - node_2_1 - INFO - Performing work-stealing
2025-05-16 17:54:53,725 - node_2_1 - INFO - Performing work-stealing
2025-05-16 17:54:53,725 - node_2_1 - INFO - Performing work-stealing
2025-05-16 17:55:03,748 - node_2_1 - INFO - Performing work-stealing
2025-05-16 17:55:03,748 - node_2_1 - INFO - Performing work-stealing
2025-05-16 17:55:13,772 - node_2_1 - INFO - Performing work-stealing
2025-05-16 17:55:13,772 - node_2_1 - INFO - Performing work-stealing
2025-05-16 17:55:23,769 - node_2_1 - INFO - Performing work-stealing
2025-05-16 17:55:23,769 - node_2_1 - INFO - Performing work-stealing
2025-05-16 17:55:33,795 - node_2_1 - INFO - Performing work-stealing
2025-05-16 17:55:33,795 - node_2_1 - INFO - Performing work-stealing
2025-05-16 17:55:43,817 - node_2_1 - INFO - Performing work-stealing
2025-05-16 17:55:43,817 - node_2_1 - INFO - Performing work-stealing
2025-05-16 17:55:53,796 - node_2_1 - INFO - Performing work-stealing
2025-05-16 17:55:53,796 - node_2_1 - INFO - Performing work-stealing
2025-05-16 17:56:03,813 - node_2_1 - INFO - Performing work-stealing
2025-05-16 17:56:03,813 - node_2_1 - INFO - Performing work-stealing
2025-05-16 17:56:13,836 - node_2_1 - INFO - Performing work-stealing
2025-05-16 17:56:13,836 - node_2_1 - INFO - Performing work-stealing
2025-05-16 17:56:23,819 - node_2_1 - INFO - Performing work-stealing
2025-05-16 17:56:23,819 - node_2_1 - INFO - Performing work-stealing
2025-05-16 17:56:33,829 - node_2_1 - INFO - Performing work-stealing
2025-05-16 17:56:33,829 - node_2_1 - INFO - Performing work-stealing
2025-05-16 17:56:43,839 - node_2_1 - INFO - Performing work-stealing
2025-05-16 17:56:43,839 - node_2_1 - INFO - Performing work-stealing
2025-05-16 17:56:53,835 - node_2_1 - INFO - Performing work-stealing
2025-05-16 17:56:53,835 - node_2_1 - INFO - Performing work-stealing
2025-05-16 17:57:03,854 - node_2_1 - INFO - Performing work-stealing
2025-05-16 17:57:03,854 - node_2_1 - INFO - Performing work-stealing
2025-05-16 17:57:13,864 - node_2_1 - INFO - Performing work-stealing
2025-05-16 17:57:13,864 - node_2_1 - INFO - Performing work-stealing
2025-05-16 17:57:23,859 - node_2_1 - INFO - Performing work-stealing
2025-05-16 17:57:23,859 - node_2_1 - INFO - Performing work-stealing
2025-05-16 17:57:33,879 - node_2_1 - INFO - Performing work-stealing
2025-05-16 17:57:33,879 - node_2_1 - INFO - Performing work-stealing
2025-05-16 17:57:43,889 - node_2_1 - INFO - Performing work-stealing
2025-05-16 17:57:43,889 - node_2_1 - INFO - Performing work-stealing
2025-05-16 17:57:53,865 - node_2_1 - INFO - Performing work-stealing
2025-05-16 17:57:53,865 - node_2_1 - INFO - Performing work-stealing
2025-05-16 17:58:03,874 - node_2_1 - INFO - Performing work-stealing
2025-05-16 17:58:03,874 - node_2_1 - INFO - Performing work-stealing
2025-05-16 17:58:13,885 - node_2_1 - INFO - Performing work-stealing
2025-05-16 17:58:13,885 - node_2_1 - INFO - Performing work-stealing
2025-05-16 17:58:23,884 - node_2_1 - INFO - Performing work-stealing
2025-05-16 17:58:23,884 - node_2_1 - INFO - Performing work-stealing
2025-05-16 17:58:33,890 - node_2_1 - INFO - Performing work-stealing
2025-05-16 17:58:33,890 - node_2_1 - INFO - Performing work-stealing
2025-05-16 17:58:43,900 - node_2_1 - INFO - Performing work-stealing
2025-05-16 17:58:43,900 - node_2_1 - INFO - Performing work-stealing
2025-05-16 17:58:53,899 - node_2_1 - INFO - Performing work-stealing
2025-05-16 17:58:53,899 - node_2_1 - INFO - Performing work-stealing
2025-05-16 17:59:03,912 - node_2_1 - INFO - Performing work-stealing
2025-05-16 17:59:03,912 - node_2_1 - INFO - Performing work-stealing
2025-05-16 17:59:13,926 - node_2_1 - INFO - Performing work-stealing
2025-05-16 17:59:13,926 - node_2_1 - INFO - Performing work-stealing
2025-05-16 17:59:23,920 - node_2_1 - INFO - Performing work-stealing
2025-05-16 17:59:23,920 - node_2_1 - INFO - Performing work-stealing
2025-05-16 17:59:33,937 - node_2_1 - INFO - Performing work-stealing
2025-05-16 17:59:33,937 - node_2_1 - INFO - Performing work-stealing
2025-05-16 17:59:43,961 - node_2_1 - INFO - Performing work-stealing
2025-05-16 17:59:43,961 - node_2_1 - INFO - Performing work-stealing
2025-05-16 17:59:53,960 - node_2_1 - INFO - Performing work-stealing
2025-05-16 17:59:53,960 - node_2_1 - INFO - Performing work-stealing
2025-05-16 18:00:03,984 - node_2_1 - INFO - Performing work-stealing
2025-05-16 18:00:03,984 - node_2_1 - INFO - Performing work-stealing
2025-05-16 18:00:14,006 - node_2_1 - INFO - Performing work-stealing
2025-05-16 18:00:14,006 - node_2_1 - INFO - Performing work-stealing
2025-05-16 18:00:24,001 - node_2_1 - INFO - Performing work-stealing
2025-05-16 18:00:24,001 - node_2_1 - INFO - Performing work-stealing
2025-05-16 18:00:34,011 - node_2_1 - INFO - Performing work-stealing
2025-05-16 18:00:34,011 - node_2_1 - INFO - Performing work-stealing
2025-05-16 18:00:44,035 - node_2_1 - INFO - Performing work-stealing
2025-05-16 18:00:44,035 - node_2_1 - INFO - Performing work-stealing
2025-05-16 18:00:54,026 - node_2_1 - INFO - Performing work-stealing
2025-05-16 18:00:54,026 - node_2_1 - INFO - Performing work-stealing
2025-05-16 18:01:04,042 - node_2_1 - INFO - Performing work-stealing
2025-05-16 18:01:04,042 - node_2_1 - INFO - Performing work-stealing
2025-05-16 18:01:14,066 - node_2_1 - INFO - Performing work-stealing
2025-05-16 18:01:14,066 - node_2_1 - INFO - Performing work-stealing
2025-05-16 18:01:24,052 - node_2_1 - INFO - Performing work-stealing
2025-05-16 18:01:24,052 - node_2_1 - INFO - Performing work-stealing
2025-05-16 18:01:34,065 - node_2_1 - INFO - Performing work-stealing
2025-05-16 18:01:34,065 - node_2_1 - INFO - Performing work-stealing
2025-05-16 18:01:44,082 - node_2_1 - INFO - Performing work-stealing
2025-05-16 18:01:44,082 - node_2_1 - INFO - Performing work-stealing
2025-05-16 18:01:54,080 - node_2_1 - INFO - Performing work-stealing
2025-05-16 18:01:54,080 - node_2_1 - INFO - Performing work-stealing
2025-05-16 18:02:04,097 - node_2_1 - INFO - Performing work-stealing
2025-05-16 18:02:04,097 - node_2_1 - INFO - Performing work-stealing
2025-05-16 18:02:14,113 - node_2_1 - INFO - Performing work-stealing
2025-05-16 18:02:14,113 - node_2_1 - INFO - Performing work-stealing
2025-05-16 18:02:24,112 - node_2_1 - INFO - Performing work-stealing
2025-05-16 18:02:24,112 - node_2_1 - INFO - Performing work-stealing
2025-05-16 18:02:34,132 - node_2_1 - INFO - Performing work-stealing
2025-05-16 18:02:34,132 - node_2_1 - INFO - Performing work-stealing
2025-05-16 18:02:44,152 - node_2_1 - INFO - Performing work-stealing
2025-05-16 18:02:44,152 - node_2_1 - INFO - Performing work-stealing
2025-05-16 18:02:54,147 - node_2_1 - INFO - Performing work-stealing
2025-05-16 18:02:54,147 - node_2_1 - INFO - Performing work-stealing
2025-05-16 18:03:04,167 - node_2_1 - INFO - Performing work-stealing
2025-05-16 18:03:04,167 - node_2_1 - INFO - Performing work-stealing
2025-05-16 18:03:14,191 - node_2_1 - INFO - Performing work-stealing
2025-05-16 18:03:14,191 - node_2_1 - INFO - Performing work-stealing
2025-05-16 18:03:24,162 - node_2_1 - INFO - Performing work-stealing
2025-05-16 18:03:24,162 - node_2_1 - INFO - Performing work-stealing
2025-05-16 18:03:34,186 - node_2_1 - INFO - Performing work-stealing
2025-05-16 18:03:34,186 - node_2_1 - INFO - Performing work-stealing
2025-05-16 18:03:44,199 - node_2_1 - INFO - Performing work-stealing
2025-05-16 18:03:44,199 - node_2_1 - INFO - Performing work-stealing
2025-05-16 18:03:54,207 - node_2_1 - INFO - Performing work-stealing
2025-05-16 18:03:54,207 - node_2_1 - INFO - Performing work-stealing
2025-05-16 18:04:04,217 - node_2_1 - INFO - Performing work-stealing
2025-05-16 18:04:04,217 - node_2_1 - INFO - Performing work-stealing
2025-05-16 18:04:14,230 - node_2_1 - INFO - Performing work-stealing
2025-05-16 18:04:14,230 - node_2_1 - INFO - Performing work-stealing
2025-05-16 18:04:24,229 - node_2_1 - INFO - Performing work-stealing
2025-05-16 18:04:24,229 - node_2_1 - INFO - Performing work-stealing
2025-05-16 18:04:34,252 - node_2_1 - INFO - Performing work-stealing
2025-05-16 18:04:34,252 - node_2_1 - INFO - Performing work-stealing
2025-05-16 18:04:44,272 - node_2_1 - INFO - Performing work-stealing
2025-05-16 18:04:44,272 - node_2_1 - INFO - Performing work-stealing
2025-05-16 18:04:54,271 - node_2_1 - INFO - Performing work-stealing
2025-05-16 18:04:54,271 - node_2_1 - INFO - Performing work-stealing
2025-05-16 18:05:04,295 - node_2_1 - INFO - Performing work-stealing
2025-05-16 18:05:04,295 - node_2_1 - INFO - Performing work-stealing
2025-05-16 18:05:14,319 - node_2_1 - INFO - Performing work-stealing
2025-05-16 18:05:14,319 - node_2_1 - INFO - Performing work-stealing
2025-05-16 18:05:24,313 - node_2_1 - INFO - Performing work-stealing
2025-05-16 18:05:24,313 - node_2_1 - INFO - Performing work-stealing
2025-05-16 18:05:34,331 - node_2_1 - INFO - Performing work-stealing
2025-05-16 18:05:34,331 - node_2_1 - INFO - Performing work-stealing
2025-05-16 18:05:44,341 - node_2_1 - INFO - Performing work-stealing
2025-05-16 18:05:44,341 - node_2_1 - INFO - Performing work-stealing
2025-05-16 18:05:54,340 - node_2_1 - INFO - Performing work-stealing
2025-05-16 18:05:54,340 - node_2_1 - INFO - Performing work-stealing
2025-05-16 18:06:04,343 - node_2_1 - INFO - Performing work-stealing
2025-05-16 18:06:04,343 - node_2_1 - INFO - Performing work-stealing
2025-05-16 18:06:14,366 - node_2_1 - INFO - Performing work-stealing
2025-05-16 18:06:14,366 - node_2_1 - INFO - Performing work-stealing
2025-05-16 18:06:24,362 - node_2_1 - INFO - Performing work-stealing
2025-05-16 18:06:24,362 - node_2_1 - INFO - Performing work-stealing
2025-05-16 18:06:34,382 - node_2_1 - INFO - Performing work-stealing
2025-05-16 18:06:34,382 - node_2_1 - INFO - Performing work-stealing
2025-05-16 18:06:44,406 - node_2_1 - INFO - Performing work-stealing
2025-05-16 18:06:44,406 - node_2_1 - INFO - Performing work-stealing
2025-05-16 18:06:54,405 - node_2_1 - INFO - Performing work-stealing
2025-05-16 18:06:54,405 - node_2_1 - INFO - Performing work-stealing
2025-05-16 18:07:04,429 - node_2_1 - INFO - Performing work-stealing
2025-05-16 18:07:04,429 - node_2_1 - INFO - Performing work-stealing
2025-05-16 18:07:14,453 - node_2_1 - INFO - Performing work-stealing
2025-05-16 18:07:14,453 - node_2_1 - INFO - Performing work-stealing
2025-05-17 01:46:44,587 - node_2_1 - INFO - Performing work-stealing
2025-05-17 01:46:44,587 - node_2_1 - INFO - Performing work-stealing
2025-05-17 01:46:31,838 - node_2_1 - INFO - Performing work-stealing
2025-05-17 01:46:31,838 - node_2_1 - INFO - Performing work-stealing
2025-05-17 01:46:41,861 - node_2_1 - INFO - Performing work-stealing
2025-05-17 01:46:41,861 - node_2_1 - INFO - Performing work-stealing
2025-05-17 01:46:51,919 - node_2_1 - INFO - Performing work-stealing
2025-05-17 01:46:51,919 - node_2_1 - INFO - Performing work-stealing
2025-05-17 01:47:01,926 - node_2_1 - INFO - Performing work-stealing
2025-05-17 01:47:01,926 - node_2_1 - INFO - Performing work-stealing
2025-05-17 01:47:11,941 - node_2_1 - INFO - Performing work-stealing
2025-05-17 01:47:11,941 - node_2_1 - INFO - Performing work-stealing
2025-05-17 01:47:21,999 - node_2_1 - INFO - Performing work-stealing
2025-05-17 01:47:21,999 - node_2_1 - INFO - Performing work-stealing
2025-05-17 01:47:32,027 - node_2_1 - INFO - Performing work-stealing
2025-05-17 01:47:32,027 - node_2_1 - INFO - Performing work-stealing
